#
# There is insufficient memory for the Java Runtime Environment to continue.
# Native memory allocation (mmap) failed to map 100663296 bytes for G1 virtual space
# Possible reasons:
#   The system is out of physical RAM or swap space
#   The process is running with CompressedOops enabled, and the Java Heap may be blocking the growth of the native heap
# Possible solutions:
#   Reduce memory load on the system
#   Increase physical memory or swap space
#   Check if swap backing store is full
#   Decrease Java heap size (-Xmx/-Xms)
#   Decrease number of Java threads
#   Decrease Java thread stack sizes (-Xss)
#   Set larger code cache with -XX:ReservedCodeCacheSize=
#   JVM is running with Unscaled Compressed Oops mode in which the Java heap is
#     placed in the first 4GB address space. The Java Heap base address is the
#     maximum limit for the native heap growth. Please use -XX:HeapBaseMinAddress
#     to set the Java Heap base and to place the Java Heap above 4GB virtual address.
# This output file may be truncated or incomplete.
#
#  Out of Memory Error (os_windows.cpp:3532), pid=3924, tid=22964
#
# JRE version:  (17.0.2+8) (build )
# Java VM: Java HotSpot(TM) 64-Bit Server VM (17.0.2+8-LTS-86, mixed mode, sharing, tiered, compressed oops, compressed class ptrs, g1 gc, windows-amd64)
# No core dump will be written. Minidumps are not enabled by default on client versions of Windows
#

---------------  S U M M A R Y ------------

Command Line: -javaagent:C:\Program Files\LogiGear\TestArchitect\binclient\agents\java\lib\ext\TAJavaLoader.jar -Dfile.encoding=UTF-8 --module-path=D:\hk1 nãm 3\java technology\midterm assignment\SwingMSystem\build\classes main.Login

Host: AMD Ryzen 7 3750H with Radeon Vega Mobile Gfx  , 8 cores, 5G,  Windows 10 , 64 bit Build 19041 (10.0.19041.1202)
Time: Thu Dec  7 12:30:29 2023 SE Asia Standard Time elapsed time: 0.029088 seconds (0d 0h 0m 0s)

---------------  T H R E A D  ---------------

Current thread (0x0000026f119d4c00):  JavaThread "Unknown thread" [_thread_in_vm, id=22964, stack(0x0000007c26900000,0x0000007c26a00000)]

Stack: [0x0000007c26900000,0x0000007c26a00000]
Native frames: (J=compiled Java code, j=interpreted, Vv=VM code, C=native code)
V  [jvm.dll+0x670baa]
V  [jvm.dll+0x7cfcb4]
V  [jvm.dll+0x7d145e]
V  [jvm.dll+0x7d1ac3]
V  [jvm.dll+0x242bc5]
V  [jvm.dll+0x66dac9]
V  [jvm.dll+0x662412]
V  [jvm.dll+0x300c0b]
V  [jvm.dll+0x3081a6]
V  [jvm.dll+0x357d0e]
V  [jvm.dll+0x357f3f]
V  [jvm.dll+0x2d7ec8]
V  [jvm.dll+0x2d8e34]
V  [jvm.dll+0x7a18c1]
V  [jvm.dll+0x365a91]
V  [jvm.dll+0x780d2c]
V  [jvm.dll+0x3e845f]
V  [jvm.dll+0x3e9f01]
C  [jli.dll+0x527b]
C  [ucrtbase.dll+0x21bb2]
C  [KERNEL32.DLL+0x17034]
C  [ntdll.dll+0x52651]


---------------  P R O C E S S  ---------------

Threads class SMR info:
_java_thread_list=0x00007ffd86489858, length=0, elements={
}

Java Threads: ( => current thread )

Other Threads:
  0x0000026f11a0acd0 GCTaskThread "GC Thread#0" [stack: 0x0000007c26a00000,0x0000007c26b00000] [id=23964]
  0x0000026f11a19980 ConcurrentGCThread "G1 Main Marker" [stack: 0x0000007c26b00000,0x0000007c26c00000] [id=6168]
  0x0000026f11a1aa40 ConcurrentGCThread "G1 Conc#0" [stack: 0x0000007c26c00000,0x0000007c26d00000] [id=27432]

[error occurred during error reporting (printing all threads), id 0xc0000005, EXCEPTION_ACCESS_VIOLATION (0xc0000005) at pc=0x00007ffd85cd88a7]

VM state: not at safepoint (not fully initialized)

VM Mutex/Monitor currently owned by a thread:  ([mutex/lock_event])
[0x0000026f119ce7f0] Heap_lock - owner thread: 0x0000026f119d4c00

Heap address: 0x00000000a0e00000, size: 1522 MB, Compressed Oops mode: 32-bit

CDS archive(s) mapped at: [0x0000000000000000-0x0000000000000000-0x0000000000000000), size 0, SharedBaseAddress: 0x0000000800000000, ArchiveRelocationMode: 0.
Narrow klass base: 0x0000000000000000, Narrow klass shift: 0, Narrow klass range: 0x0

GC Precious Log:
<Empty>

Heap:
 garbage-first heap   total 0K, used 0K [0x00000000a0e00000, 0x0000000100000000)
  region size 1024K, 0 young (0K), 0 survivors (0K)

[error occurred during error reporting (printing heap information), id 0xc0000005, EXCEPTION_ACCESS_VIOLATION (0xc0000005) at pc=0x00007ffd860b9f19]

GC Heap History (0 events):
No events

Deoptimization events (0 events):
No events

Classes unloaded (0 events):
No events

Classes redefined (0 events):
No events

Internal exceptions (0 events):
No events

VM Operations (0 events):
No events

Events (1 events):
Event: 0.016 Loaded shared library C:\Program Files\Java\jdk-17.0.2\bin\java.dll


Dynamic libraries:
0x00007ff7e6490000 - 0x00007ff7e64a0000 	C:\Program Files\Java\jdk-17.0.2\bin\java.exe
0x00007ffdc5b10000 - 0x00007ffdc5d05000 	C:\WINDOWS\SYSTEM32\ntdll.dll
0x00007ffdc4d70000 - 0x00007ffdc4e2e000 	C:\WINDOWS\System32\KERNEL32.DLL
0x00007ffdc32f0000 - 0x00007ffdc35b9000 	C:\WINDOWS\System32\KERNELBASE.dll
0x00007ffdc38a0000 - 0x00007ffdc39a0000 	C:\WINDOWS\System32\ucrtbase.dll
0x00007ffdbe1a0000 - 0x00007ffdbe1ba000 	C:\Program Files\Java\jdk-17.0.2\bin\VCRUNTIME140.dll
0x00007ffdbe1f0000 - 0x00007ffdbe208000 	C:\Program Files\Java\jdk-17.0.2\bin\jli.dll
0x00007ffdc4340000 - 0x00007ffdc43ec000 	C:\WINDOWS\System32\ADVAPI32.dll
0x00007ffdc42a0000 - 0x00007ffdc433e000 	C:\WINDOWS\System32\msvcrt.dll
0x00007ffdc3dc0000 - 0x00007ffdc3e5b000 	C:\WINDOWS\System32\sechost.dll
0x00007ffdc4f10000 - 0x00007ffdc503a000 	C:\WINDOWS\System32\RPCRT4.dll
0x00007ffdc5110000 - 0x00007ffdc52b1000 	C:\WINDOWS\System32\USER32.dll
0x00007ffdc3660000 - 0x00007ffdc3682000 	C:\WINDOWS\System32\win32u.dll
0x00007ffdb13a0000 - 0x00007ffdb163a000 	C:\WINDOWS\WinSxS\amd64_microsoft.windows.common-controls_6595b64144ccf1df_6.0.19041.1110_none_60b5254171f9507e\COMCTL32.dll
0x00007ffdc53e0000 - 0x00007ffdc540b000 	C:\WINDOWS\System32\GDI32.dll
0x00007ffdc39a0000 - 0x00007ffdc3aab000 	C:\WINDOWS\System32\gdi32full.dll
0x00007ffdc35c0000 - 0x00007ffdc365d000 	C:\WINDOWS\System32\msvcp_win.dll
0x00007ffdbb470000 - 0x00007ffdbb47a000 	C:\WINDOWS\SYSTEM32\VERSION.dll
0x00007ffdc5470000 - 0x00007ffdc54a0000 	C:\WINDOWS\System32\IMM32.DLL
0x00007ffdbe270000 - 0x00007ffdbe27c000 	C:\Program Files\Java\jdk-17.0.2\bin\vcruntime140_1.dll
0x00007ffdb2c60000 - 0x00007ffdb2ced000 	C:\Program Files\Java\jdk-17.0.2\bin\msvcp140.dll
0x00007ffd859f0000 - 0x00007ffd865b1000 	C:\Program Files\Java\jdk-17.0.2\bin\server\jvm.dll
0x00007ffdc54a0000 - 0x00007ffdc54a8000 	C:\WINDOWS\System32\PSAPI.DLL
0x00007ffdb9d10000 - 0x00007ffdb9d37000 	C:\WINDOWS\SYSTEM32\WINMM.dll
0x00007ffdaed30000 - 0x00007ffdaed39000 	C:\WINDOWS\SYSTEM32\WSOCK32.dll
0x00007ffdc5040000 - 0x00007ffdc50ab000 	C:\WINDOWS\System32\WS2_32.dll
0x00007ffdc10f0000 - 0x00007ffdc1102000 	C:\WINDOWS\SYSTEM32\kernel.appcore.dll
0x00007ffdbec30000 - 0x00007ffdbec3a000 	C:\Program Files\Java\jdk-17.0.2\bin\jimage.dll
0x00007ffdb6cb0000 - 0x00007ffdb6e94000 	C:\WINDOWS\SYSTEM32\DBGHELP.DLL
0x00007ffdb6b80000 - 0x00007ffdb6bac000 	C:\WINDOWS\SYSTEM32\dbgcore.DLL
0x00007ffdc3260000 - 0x00007ffdc32e3000 	C:\WINDOWS\System32\bcryptPrimitives.dll
0x00007ffdbec20000 - 0x00007ffdbec2e000 	C:\Program Files\Java\jdk-17.0.2\bin\instrument.dll
0x00007ffdbd760000 - 0x00007ffdbd785000 	C:\Program Files\Java\jdk-17.0.2\bin\java.dll

dbghelp: loaded successfully - version: 4.0.5 - missing functions: none
symbol engine: initialized successfully - sym options: 0x614 - pdb path: .;C:\Program Files\Java\jdk-17.0.2\bin;C:\WINDOWS\SYSTEM32;C:\WINDOWS\WinSxS\amd64_microsoft.windows.common-controls_6595b64144ccf1df_6.0.19041.1110_none_60b5254171f9507e;C:\Program Files\Java\jdk-17.0.2\bin\server

VM Arguments:
jvm_args: -javaagent:C:\Program Files\LogiGear\TestArchitect\binclient\agents\java\lib\ext\TAJavaLoader.jar -Dfile.encoding=UTF-8 --module-path=D:\hk1 nãm 3\java technology\midterm assignment\SwingMSystem\build\classes 
java_command: main.Login
java_class_path (initial): C:\Program Files\NetBeans-19\netbeans\java\modules\ext\AbsoluteLayout.jar;D:\hk1 nãm 3\java technology\midterm assignment\SwingMSystem\miglayout-4.0.jar;D:\hk1 nãm 3\java technology\midterm assignment\SwingMSystem\timingframework-1.0.jar;D:\hk1 nãm 3\java technology\midterm assignment\SwingMSystem\mysql-connector-java-8.0.28.jar;D:\hk1 nãm 3\java technology\midterm assignment\SwingMSystem\commons-lang3-3.13.0.jar;D:\hk1 nãm 3\java technology\midterm assignment\SwingMSystem\excel import\commons-codec-1.16.0.jar;D:\hk1 nãm 3\java technology\midterm assignment\SwingMSystem\excel import\commons-collections4-4.4.jar;D:\hk1 nãm 3\java technology\midterm assignment\SwingMSystem\excel import\commons-compress-1.24.0.jar;D:\hk1 nãm 3\java technology\midterm assignment\SwingMSystem\excel import\commons-io-2.13.0.jar;D:\hk1 nãm 3\java technology\midterm assignment\SwingMSystem\excel import\commons-math3-3.6.1.jar;D:\hk1 nãm 3\java technology\midterm assignment\SwingMSystem\excel import\curvesapi-1.08.jar;D:\hk1 nãm 3\java technology\midterm assignment\SwingMSystem\excel import\SparseBitSet-1.3.jar;D:\hk1 nãm 3\java technology\midterm assignment\SwingMSystem\excel import\log4j-api-2.20.0.jar;D:\hk1 nãm 3\java technology\midterm assignment\SwingMSystem\excel import\poi-5.2.4.jar;D:\hk1 nãm 3\java technology\midterm assignment\SwingMSystem\excel import\poi-ooxml-5.2.4.jar;D:\hk1 nãm 3\java technology\midterm assignment\SwingMSystem\excel import\poi-ooxml-lite-5.2.4.jar;D:\hk1 nãm 3\java technology\midterm assignment\SwingMSystem\excel import\xmlbeans-5.1.1.jar;D:\hk1 nãm 3\java technology\midterm assignment\SwingMSystem\jcalendar-1.4.jar;D:\hk1 nãm 3\java technology\midterm assignment\SwingMSystem\flatlaf-3.2.5 (1).jar;D:\hk1 nãm 3\java technology\midterm assignment\SwingMSystem\build\classes
Launcher Type: SUN_STANDARD

[Global flags]
     intx CICompilerCount                          = 4                                         {product} {ergonomic}
     uint ConcGCThreads                            = 2                                         {product} {ergonomic}
     uint G1ConcRefinementThreads                  = 8                                         {product} {ergonomic}
   size_t G1HeapRegionSize                         = 1048576                                   {product} {ergonomic}
    uintx GCDrainStackTargetSize                   = 64                                        {product} {ergonomic}
   size_t InitialHeapSize                          = 100663296                                 {product} {ergonomic}
   size_t MarkStackSize                            = 4194304                                   {product} {ergonomic}
   size_t MaxHeapSize                              = 1595932672                                {product} {ergonomic}
   size_t MinHeapDeltaBytes                        = 1048576                                   {product} {ergonomic}
   size_t MinHeapSize                              = 8388608                                   {product} {ergonomic}
    uintx NonNMethodCodeHeapSize                   = 5839372                                {pd product} {ergonomic}
    uintx NonProfiledCodeHeapSize                  = 122909434                              {pd product} {ergonomic}
    uintx ProfiledCodeHeapSize                     = 122909434                              {pd product} {ergonomic}
    uintx ReservedCodeCacheSize                    = 251658240                              {pd product} {ergonomic}
     bool SegmentedCodeCache                       = true                                      {product} {ergonomic}
   size_t SoftMaxHeapSize                          = 1595932672                             {manageable} {ergonomic}
     bool UseCompressedClassPointers               = true                           {product lp64_product} {ergonomic}
     bool UseCompressedOops                        = true                           {product lp64_product} {ergonomic}
     bool UseG1GC                                  = true                                      {product} {ergonomic}
     bool UseLargePagesIndividualAllocation        = false                                  {pd product} {ergonomic}

Logging:
Log output configuration:
 #0: stdout all=warning uptime,level,tags
 #1: stderr all=off uptime,level,tags

Environment Variables:
JAVA_HOME=C:\Program Files\Java\jdk-11.0.13
JAVA_TOOL_OPTIONS=-javaagent:"C:\Program Files\LogiGear\TestArchitect\binclient\agents\java\lib\ext\TAJavaLoader.jar"
PATH=C:\Program Files\Microsoft\jdk-11.0.16.101-hotspot\bin;C:\Program Files\Java\jdk-11.0.13\bin;C:\Program Files (x86)\Common Files\Oracle\Java\javapath;C:\Program Files\Python310\Scripts\;C:\Program Files\Common Files\Oracle\Java\javapath;C:\Program Files\Python310\;C:\Windows\system32;C:\Windows;C:\Windows\System32\Wbem;C:\Windows\System32\WindowsPowerShell\v1.0\;C:\Windows\System32\OpenSSH\;C:\Program Files (x86)\NVIDIA Corporation\PhysX\Common;C:\Program Files\NVIDIA Corporation\NVIDIA NvDLISR;C:\MinGW\bin;C:\WINDOWS\system32;C:\WINDOWS;C:\WINDOWS\System32\Wbem;C:\WINDOWS\System32\WindowsPowerShell\v1.0\;C:\WINDOWS\System32\OpenSSH\;C:\Program Files\Git\cmd;C:\Program Files\nodejs\;C:\Program Files\Microsoft SQL Server\Client SDK\ODBC\170\Tools\Binn\;C:\Program Files (x86)\Microsoft SQL Server\150\Tools\Binn\;C:\Program Files\Microsoft SQL Server\150\Tools\Binn\;C:\Program Files\Microsoft SQL Server\150\DTS\Binn\;C:\Program Files (x86)\Microsoft SQL Server\150\DTS\Binn\;C:\Program Files\Amazon\AWSCLI\bin\;C:\Program Files\Go\bin;C:\Program Files\Amazon\SessionManagerPlugin\bin\;C:\Program Files\apache-maven-3.9.4\bin;C:\Program Files\dotnet\;C:\Program Files\LogiGear\LicenseServer\binclient;C:\Program Files\LogiGear\TestArchitect\binclient;C:\Users\konod\.cargo\bin;C:\Users\konod\AppData\Local\Programs\Python\Python310\Scripts\;C:\Users\konod\AppData\Local\Programs\Python\Python310\;C:\Users\konod\AppData\Local\Microsoft\WindowsApps;C:\Users\konod\AppData\Local\Programs\Microsoft VS Code\bin;C:\MinGW\bin;C:\cygwin64\bin;C:\Users\konod\AppData\Local\Programs\Python\Python39;C:\Program Files\Java\jdk-11.0.13\bin;C:\Users\konod\AppData\Roaming\npm;C:\Program Files\Azure Data Studio\bin;C:\Users\konod\AppData\Local\GitHubDesktop\bin;C:\Users\konod\go\bin;C:\Program Files\JetBrains\IntelliJ IDEA 2023.2.2\bin;;C:\Users\konod\.dotnet\tools;C:\Program Files\LogiGear\LicenseServer\binclient;C:\Program Files\LogiGear\TestArchitect\binclient
USERNAME=konod
OS=Windows_NT
PROCESSOR_IDENTIFIER=AMD64 Family 23 Model 24 Stepping 1, AuthenticAMD



---------------  S Y S T E M  ---------------

OS:
 Windows 10 , 64 bit Build 19041 (10.0.19041.1202)
OS uptime: 1 days 16:36 hours
Hyper-V role detected

CPU: total 8 (initial active 8) (8 cores per cpu, 2 threads per core) family 23 model 24 stepping 1 microcode 0x0, cx8, cmov, fxsr, ht, mmx, 3dnowpref, sse, sse2, sse3, ssse3, sse4a, sse4.1, sse4.2, popcnt, lzcnt, tsc, tscinvbit, avx, avx2, aes, clmul, bmi1, bmi2, adx, sha, fma, vzeroupper, clflush, clflushopt, hv

Memory: 4k page, system-wide physical 6081M (324M free)
TotalPageFile size 24513M (AvailPageFile size 15M)
current process WorkingSet (physical memory assigned to process): 10M, peak: 10M
current process commit charge ("private bytes"): 59M, peak: 155M

vm_info: Java HotSpot(TM) 64-Bit Server VM (17.0.2+8-LTS-86) for windows-amd64 JRE (17.0.2+8-LTS-86), built on Dec  7 2021 21:51:03 by "mach5one" with MS VC++ 16.8 / 16.9 (VS2019)

END.
