#
# There is insufficient memory for the Java Runtime Environment to continue.
# Native memory allocation (malloc) failed to allocate 575360 bytes for Chunk::new
# Possible reasons:
#   The system is out of physical RAM or swap space
#   The process is running with CompressedOops enabled, and the Java Heap may be blocking the growth of the native heap
# Possible solutions:
#   Reduce memory load on the system
#   Increase physical memory or swap space
#   Check if swap backing store is full
#   Decrease Java heap size (-Xmx/-Xms)
#   Decrease number of Java threads
#   Decrease Java thread stack sizes (-Xss)
#   Set larger code cache with -XX:ReservedCodeCacheSize=
#   JVM is running with Unscaled Compressed Oops mode in which the Java heap is
#     placed in the first 4GB address space. The Java Heap base address is the
#     maximum limit for the native heap growth. Please use -XX:HeapBaseMinAddress
#     to set the Java Heap base and to place the Java Heap above 4GB virtual address.
# This output file may be truncated or incomplete.
#
#  Out of Memory Error (arena.cpp:189), pid=24276, tid=25032
#
# JRE version: Java(TM) SE Runtime Environment (17.0.2+8) (build 17.0.2+8-LTS-86)
# Java VM: Java HotSpot(TM) 64-Bit Server VM (17.0.2+8-LTS-86, mixed mode, sharing, tiered, compressed oops, compressed class ptrs, g1 gc, windows-amd64)
# No core dump will be written. Minidumps are not enabled by default on client versions of Windows
#

---------------  S U M M A R Y ------------

Command Line: -javaagent:C:\Program Files\LogiGear\TestArchitect\binclient\agents\java\lib\ext\TAJavaLoader.jar -Dfile.encoding=UTF-8 --module-path=D:\hk1 nãm 3\java technology\midterm assignment\SwingMSystem\build\classes main.Login

Host: AMD Ryzen 7 3750H with Radeon Vega Mobile Gfx  , 8 cores, 5G,  Windows 10 , 64 bit Build 19041 (10.0.19041.1202)
Time: Thu Dec  7 12:23:12 2023 SE Asia Standard Time elapsed time: 1.671689 seconds (0d 0h 0m 1s)

---------------  T H R E A D  ---------------

Current thread (0x0000027c7229c6b0):  JavaThread "C2 CompilerThread0" daemon [_thread_in_native, id=25032, stack(0x000000ae5b000000,0x000000ae5b100000)]


Current CompileTask:
C2:   1671 1388  s!   4       jdk.internal.loader.URLClassPath::getLoader (194 bytes)

Stack: [0x000000ae5b000000,0x000000ae5b100000]
Native frames: (J=compiled Java code, j=interpreted, Vv=VM code, C=native code)
V  [jvm.dll+0x670baa]
V  [jvm.dll+0x7cfcb4]
V  [jvm.dll+0x7d145e]
V  [jvm.dll+0x7d1ac3]
V  [jvm.dll+0x242bc5]
V  [jvm.dll+0xaa57b]
V  [jvm.dll+0xaab0c]
V  [jvm.dll+0x35fd07]
V  [jvm.dll+0x32a331]
V  [jvm.dll+0x3297da]
V  [jvm.dll+0x215c91]
V  [jvm.dll+0x2150b1]
V  [jvm.dll+0x1a1bbd]
V  [jvm.dll+0x224908]
V  [jvm.dll+0x222a6c]
V  [jvm.dll+0x7859bb]
V  [jvm.dll+0x77ff7a]
V  [jvm.dll+0x66fa35]
C  [ucrtbase.dll+0x21bb2]
C  [KERNEL32.DLL+0x17034]
C  [ntdll.dll+0x52651]


---------------  P R O C E S S  ---------------

Threads class SMR info:
_java_thread_list=0x0000027c795974c0, length=18, elements={
0x0000027c7227a140, 0x0000027c7227afb0, 0x0000027c72290690, 0x0000027c72292250,
0x0000027c72295020, 0x0000027c72298a40, 0x0000027c7229c6b0, 0x0000027c722a8660,
0x0000027c722b3830, 0x0000027c72296d60, 0x0000027c72298f10, 0x0000027c72295ef0,
0x0000027c722963c0, 0x0000027c72296890, 0x0000027c72297230, 0x0000027c72297bd0,
0x0000027c722980a0, 0x0000027c72298570
}

Java Threads: ( => current thread )
  0x0000027c7227a140 JavaThread "Reference Handler" daemon [_thread_blocked, id=12772, stack(0x000000ae5aa00000,0x000000ae5ab00000)]
  0x0000027c7227afb0 JavaThread "Finalizer" daemon [_thread_blocked, id=2780, stack(0x000000ae5ab00000,0x000000ae5ac00000)]
  0x0000027c72290690 JavaThread "Signal Dispatcher" daemon [_thread_blocked, id=14116, stack(0x000000ae5ac00000,0x000000ae5ad00000)]
  0x0000027c72292250 JavaThread "Attach Listener" daemon [_thread_blocked, id=10656, stack(0x000000ae5ad00000,0x000000ae5ae00000)]
  0x0000027c72295020 JavaThread "Service Thread" daemon [_thread_blocked, id=9880, stack(0x000000ae5ae00000,0x000000ae5af00000)]
  0x0000027c72298a40 JavaThread "Monitor Deflation Thread" daemon [_thread_blocked, id=20268, stack(0x000000ae5af00000,0x000000ae5b000000)]
=>0x0000027c7229c6b0 JavaThread "C2 CompilerThread0" daemon [_thread_in_native, id=25032, stack(0x000000ae5b000000,0x000000ae5b100000)]
  0x0000027c722a8660 JavaThread "C1 CompilerThread0" daemon [_thread_blocked, id=27164, stack(0x000000ae5b100000,0x000000ae5b200000)]
  0x0000027c722b3830 JavaThread "Sweeper thread" daemon [_thread_blocked, id=25544, stack(0x000000ae5b200000,0x000000ae5b300000)]
  0x0000027c72296d60 JavaThread "Common-Cleaner" daemon [_thread_blocked, id=17488, stack(0x000000ae5b300000,0x000000ae5b400000)]
  0x0000027c72298f10 JavaThread "Notification Thread" daemon [_thread_blocked, id=24696, stack(0x000000ae5b500000,0x000000ae5b600000)]
  0x0000027c72295ef0 JavaThread "Thread-1" daemon [_thread_in_native, id=17764, stack(0x000000ae5b700000,0x000000ae5b800000)]
  0x0000027c722963c0 JavaThread "Java2D Disposer" daemon [_thread_blocked, id=2388, stack(0x000000ae5b800000,0x000000ae5b900000)]
  0x0000027c72296890 JavaThread "AWT-Shutdown" [_thread_blocked, id=13808, stack(0x000000ae5b900000,0x000000ae5ba00000)]
  0x0000027c72297230 JavaThread "AWT-Windows" daemon [_thread_in_native, id=26204, stack(0x000000ae5ba00000,0x000000ae5bb00000)]
  0x0000027c72297bd0 JavaThread "AWT-EventQueue-0" [_thread_in_native, id=19468, stack(0x000000ae5bb00000,0x000000ae5bc00000)]
  0x0000027c722980a0 JavaThread "DestroyJavaVM" [_thread_blocked, id=24588, stack(0x000000ae5a300000,0x000000ae5a400000)]
  0x0000027c72298570 JavaThread "Image Fetcher 0" daemon [_thread_blocked, id=19960, stack(0x000000ae5c400000,0x000000ae5c500000)]

Other Threads:
  0x0000027c72273130 VMThread "VM Thread" [stack: 0x000000ae5a900000,0x000000ae5aa00000] [id=15100]
  0x0000027c72f3f2c0 WatcherThread [stack: 0x000000ae5b600000,0x000000ae5b700000] [id=19472]
  0x0000027c554abd00 GCTaskThread "GC Thread#0" [stack: 0x000000ae5a400000,0x000000ae5a500000] [id=25352]
  0x0000027c73860c70 GCTaskThread "GC Thread#1" [stack: 0x000000ae5c500000,0x000000ae5c600000] [id=272]
  0x0000027c79603750 GCTaskThread "GC Thread#2" [stack: 0x000000ae5c600000,0x000000ae5c700000] [id=24512]
  0x0000027c797fe100 GCTaskThread "GC Thread#3" [stack: 0x000000ae5c700000,0x000000ae5c800000] [id=12252]
  0x0000027c797fe3b0 GCTaskThread "GC Thread#4" [stack: 0x000000ae5c800000,0x000000ae5c900000] [id=23728]
  0x0000027c7964a270 GCTaskThread "GC Thread#5" [stack: 0x000000ae5c900000,0x000000ae5ca00000] [id=21248]
  0x0000027c796a1720 GCTaskThread "GC Thread#6" [stack: 0x000000ae5ca00000,0x000000ae5cb00000] [id=17720]
  0x0000027c79649ec0 GCTaskThread "GC Thread#7" [stack: 0x000000ae5cb00000,0x000000ae5cc00000] [id=24532]
  0x0000027c554b9a90 ConcurrentGCThread "G1 Main Marker" [stack: 0x000000ae5a500000,0x000000ae5a600000] [id=26136]
  0x0000027c554ba4a0 ConcurrentGCThread "G1 Conc#0" [stack: 0x000000ae5a600000,0x000000ae5a700000] [id=26772]
  0x0000027c5554e550 ConcurrentGCThread "G1 Refine#0" [stack: 0x000000ae5a700000,0x000000ae5a800000] [id=24484]
  0x0000027c72ef3630 ConcurrentGCThread "G1 Refine#1" [stack: 0x000000ae5cc00000,0x000000ae5cd00000] [id=25468]
  0x0000027c72ef4120 ConcurrentGCThread "G1 Refine#2" [stack: 0x000000ae5cd00000,0x000000ae5ce00000] [id=26748]
  0x0000027c721340b0 ConcurrentGCThread "G1 Service" [stack: 0x000000ae5a800000,0x000000ae5a900000] [id=14188]

Threads with active compile tasks:
C2 CompilerThread0     1724 1388  s!   4       jdk.internal.loader.URLClassPath::getLoader (194 bytes)

VM state: not at safepoint (normal execution)

VM Mutex/Monitor currently owned by a thread: None

Heap address: 0x00000000a0e00000, size: 1522 MB, Compressed Oops mode: 32-bit

CDS archive(s) mapped at: [0x0000000800000000-0x0000000800bc0000-0x0000000800bc0000), size 12320768, SharedBaseAddress: 0x0000000800000000, ArchiveRelocationMode: 0.
Compressed class space mapped at: 0x0000000800c00000-0x0000000840c00000, reserved size: 1073741824
Narrow klass base: 0x0000000800000000, Narrow klass shift: 0, Narrow klass range: 0x100000000

GC Precious Log:
 CPUs: 8 total, 8 available
 Memory: 6081M
 Large Page Support: Disabled
 NUMA Support: Disabled
 Compressed Oops: Enabled (32-bit)
 Heap Region Size: 1M
 Heap Min Capacity: 8M
 Heap Initial Capacity: 96M
 Heap Max Capacity: 1522M
 Pre-touch: Disabled
 Parallel Workers: 8
 Concurrent Workers: 2
 Concurrent Refinement Workers: 8
 Periodic GC: Disabled

Heap:
 garbage-first heap   total 98304K, used 13579K [0x00000000a0e00000, 0x0000000100000000)
  region size 1024K, 7 young (7168K), 3 survivors (3072K)
 Metaspace       used 14281K, committed 14592K, reserved 1064960K
  class space    used 1699K, committed 1856K, reserved 1048576K

Heap Regions: E=young(eden), S=young(survivor), O=old, HS=humongous(starts), HC=humongous(continues), CS=collection set, F=free, OA=open archive, CA=closed archive, TAMS=top-at-mark-start (previous, next)
|   0|0x00000000a0e00000, 0x00000000a0f00000, 0x00000000a0f00000|100%|HS|  |TAMS 0x00000000a0e00000, 0x00000000a0e00000| Complete 
|   1|0x00000000a0f00000, 0x00000000a1000000, 0x00000000a1000000|100%|HC|  |TAMS 0x00000000a0f00000, 0x00000000a0f00000| Complete 
|   2|0x00000000a1000000, 0x00000000a1100000, 0x00000000a1100000|100%|HC|  |TAMS 0x00000000a1000000, 0x00000000a1000000| Complete 
|   3|0x00000000a1100000, 0x00000000a1200000, 0x00000000a1200000|100%|HC|  |TAMS 0x00000000a1100000, 0x00000000a1100000| Complete 
|   4|0x00000000a1200000, 0x00000000a1300000, 0x00000000a1300000|100%| O|  |TAMS 0x00000000a1200000, 0x00000000a1200000| Untracked 
|   5|0x00000000a1300000, 0x00000000a1400000, 0x00000000a1400000|100%| O|  |TAMS 0x00000000a1300000, 0x00000000a1300000| Untracked 
|   6|0x00000000a1400000, 0x00000000a1500000, 0x00000000a1500000|100%| O|  |TAMS 0x00000000a1400000, 0x00000000a1400000| Untracked 
|   7|0x00000000a1500000, 0x00000000a1542c00, 0x00000000a1600000| 26%| O|  |TAMS 0x00000000a1500000, 0x00000000a1500000| Untracked 
|   8|0x00000000a1600000, 0x00000000a1600000, 0x00000000a1700000|  0%| F|  |TAMS 0x00000000a1600000, 0x00000000a1600000| Untracked 
|   9|0x00000000a1700000, 0x00000000a1700000, 0x00000000a1800000|  0%| F|  |TAMS 0x00000000a1700000, 0x00000000a1700000| Untracked 
|  10|0x00000000a1800000, 0x00000000a1800000, 0x00000000a1900000|  0%| F|  |TAMS 0x00000000a1800000, 0x00000000a1800000| Untracked 
|  11|0x00000000a1900000, 0x00000000a1900000, 0x00000000a1a00000|  0%| F|  |TAMS 0x00000000a1900000, 0x00000000a1900000| Untracked 
|  12|0x00000000a1a00000, 0x00000000a1a00000, 0x00000000a1b00000|  0%| F|  |TAMS 0x00000000a1a00000, 0x00000000a1a00000| Untracked 
|  13|0x00000000a1b00000, 0x00000000a1b00000, 0x00000000a1c00000|  0%| F|  |TAMS 0x00000000a1b00000, 0x00000000a1b00000| Untracked 
|  14|0x00000000a1c00000, 0x00000000a1c00000, 0x00000000a1d00000|  0%| F|  |TAMS 0x00000000a1c00000, 0x00000000a1c00000| Untracked 
|  15|0x00000000a1d00000, 0x00000000a1d00000, 0x00000000a1e00000|  0%| F|  |TAMS 0x00000000a1d00000, 0x00000000a1d00000| Untracked 
|  16|0x00000000a1e00000, 0x00000000a1e00000, 0x00000000a1f00000|  0%| F|  |TAMS 0x00000000a1e00000, 0x00000000a1e00000| Untracked 
|  17|0x00000000a1f00000, 0x00000000a1f00000, 0x00000000a2000000|  0%| F|  |TAMS 0x00000000a1f00000, 0x00000000a1f00000| Untracked 
|  18|0x00000000a2000000, 0x00000000a2000000, 0x00000000a2100000|  0%| F|  |TAMS 0x00000000a2000000, 0x00000000a2000000| Untracked 
|  19|0x00000000a2100000, 0x00000000a2100000, 0x00000000a2200000|  0%| F|  |TAMS 0x00000000a2100000, 0x00000000a2100000| Untracked 
|  20|0x00000000a2200000, 0x00000000a2200000, 0x00000000a2300000|  0%| F|  |TAMS 0x00000000a2200000, 0x00000000a2200000| Untracked 
|  21|0x00000000a2300000, 0x00000000a2300000, 0x00000000a2400000|  0%| F|  |TAMS 0x00000000a2300000, 0x00000000a2300000| Untracked 
|  22|0x00000000a2400000, 0x00000000a2400000, 0x00000000a2500000|  0%| F|  |TAMS 0x00000000a2400000, 0x00000000a2400000| Untracked 
|  23|0x00000000a2500000, 0x00000000a2500000, 0x00000000a2600000|  0%| F|  |TAMS 0x00000000a2500000, 0x00000000a2500000| Untracked 
|  24|0x00000000a2600000, 0x00000000a2600000, 0x00000000a2700000|  0%| F|  |TAMS 0x00000000a2600000, 0x00000000a2600000| Untracked 
|  25|0x00000000a2700000, 0x00000000a2700000, 0x00000000a2800000|  0%| F|  |TAMS 0x00000000a2700000, 0x00000000a2700000| Untracked 
|  26|0x00000000a2800000, 0x00000000a2800000, 0x00000000a2900000|  0%| F|  |TAMS 0x00000000a2800000, 0x00000000a2800000| Untracked 
|  27|0x00000000a2900000, 0x00000000a2900000, 0x00000000a2a00000|  0%| F|  |TAMS 0x00000000a2900000, 0x00000000a2900000| Untracked 
|  28|0x00000000a2a00000, 0x00000000a2a00000, 0x00000000a2b00000|  0%| F|  |TAMS 0x00000000a2a00000, 0x00000000a2a00000| Untracked 
|  29|0x00000000a2b00000, 0x00000000a2b00000, 0x00000000a2c00000|  0%| F|  |TAMS 0x00000000a2b00000, 0x00000000a2b00000| Untracked 
|  30|0x00000000a2c00000, 0x00000000a2c00000, 0x00000000a2d00000|  0%| F|  |TAMS 0x00000000a2c00000, 0x00000000a2c00000| Untracked 
|  31|0x00000000a2d00000, 0x00000000a2d00000, 0x00000000a2e00000|  0%| F|  |TAMS 0x00000000a2d00000, 0x00000000a2d00000| Untracked 
|  32|0x00000000a2e00000, 0x00000000a2e00000, 0x00000000a2f00000|  0%| F|  |TAMS 0x00000000a2e00000, 0x00000000a2e00000| Untracked 
|  33|0x00000000a2f00000, 0x00000000a2f00000, 0x00000000a3000000|  0%| F|  |TAMS 0x00000000a2f00000, 0x00000000a2f00000| Untracked 
|  34|0x00000000a3000000, 0x00000000a3000000, 0x00000000a3100000|  0%| F|  |TAMS 0x00000000a3000000, 0x00000000a3000000| Untracked 
|  35|0x00000000a3100000, 0x00000000a3100000, 0x00000000a3200000|  0%| F|  |TAMS 0x00000000a3100000, 0x00000000a3100000| Untracked 
|  36|0x00000000a3200000, 0x00000000a3200000, 0x00000000a3300000|  0%| F|  |TAMS 0x00000000a3200000, 0x00000000a3200000| Untracked 
|  37|0x00000000a3300000, 0x00000000a3300000, 0x00000000a3400000|  0%| F|  |TAMS 0x00000000a3300000, 0x00000000a3300000| Untracked 
|  38|0x00000000a3400000, 0x00000000a3400000, 0x00000000a3500000|  0%| F|  |TAMS 0x00000000a3400000, 0x00000000a3400000| Untracked 
|  39|0x00000000a3500000, 0x00000000a3500000, 0x00000000a3600000|  0%| F|  |TAMS 0x00000000a3500000, 0x00000000a3500000| Untracked 
|  40|0x00000000a3600000, 0x00000000a3600000, 0x00000000a3700000|  0%| F|  |TAMS 0x00000000a3600000, 0x00000000a3600000| Untracked 
|  41|0x00000000a3700000, 0x00000000a3700000, 0x00000000a3800000|  0%| F|  |TAMS 0x00000000a3700000, 0x00000000a3700000| Untracked 
|  42|0x00000000a3800000, 0x00000000a3800000, 0x00000000a3900000|  0%| F|  |TAMS 0x00000000a3800000, 0x00000000a3800000| Untracked 
|  43|0x00000000a3900000, 0x00000000a3900000, 0x00000000a3a00000|  0%| F|  |TAMS 0x00000000a3900000, 0x00000000a3900000| Untracked 
|  44|0x00000000a3a00000, 0x00000000a3a00000, 0x00000000a3b00000|  0%| F|  |TAMS 0x00000000a3a00000, 0x00000000a3a00000| Untracked 
|  45|0x00000000a3b00000, 0x00000000a3b00000, 0x00000000a3c00000|  0%| F|  |TAMS 0x00000000a3b00000, 0x00000000a3b00000| Untracked 
|  46|0x00000000a3c00000, 0x00000000a3c00000, 0x00000000a3d00000|  0%| F|  |TAMS 0x00000000a3c00000, 0x00000000a3c00000| Untracked 
|  47|0x00000000a3d00000, 0x00000000a3d00000, 0x00000000a3e00000|  0%| F|  |TAMS 0x00000000a3d00000, 0x00000000a3d00000| Untracked 
|  48|0x00000000a3e00000, 0x00000000a3e00000, 0x00000000a3f00000|  0%| F|  |TAMS 0x00000000a3e00000, 0x00000000a3e00000| Untracked 
|  49|0x00000000a3f00000, 0x00000000a3f00000, 0x00000000a4000000|  0%| F|  |TAMS 0x00000000a3f00000, 0x00000000a3f00000| Untracked 
|  50|0x00000000a4000000, 0x00000000a4000000, 0x00000000a4100000|  0%| F|  |TAMS 0x00000000a4000000, 0x00000000a4000000| Untracked 
|  51|0x00000000a4100000, 0x00000000a4100000, 0x00000000a4200000|  0%| F|  |TAMS 0x00000000a4100000, 0x00000000a4100000| Untracked 
|  52|0x00000000a4200000, 0x00000000a4200000, 0x00000000a4300000|  0%| F|  |TAMS 0x00000000a4200000, 0x00000000a4200000| Untracked 
|  53|0x00000000a4300000, 0x00000000a4300000, 0x00000000a4400000|  0%| F|  |TAMS 0x00000000a4300000, 0x00000000a4300000| Untracked 
|  54|0x00000000a4400000, 0x00000000a4400000, 0x00000000a4500000|  0%| F|  |TAMS 0x00000000a4400000, 0x00000000a4400000| Untracked 
|  55|0x00000000a4500000, 0x00000000a4500000, 0x00000000a4600000|  0%| F|  |TAMS 0x00000000a4500000, 0x00000000a4500000| Untracked 
|  56|0x00000000a4600000, 0x00000000a4600000, 0x00000000a4700000|  0%| F|  |TAMS 0x00000000a4600000, 0x00000000a4600000| Untracked 
|  57|0x00000000a4700000, 0x00000000a4700000, 0x00000000a4800000|  0%| F|  |TAMS 0x00000000a4700000, 0x00000000a4700000| Untracked 
|  58|0x00000000a4800000, 0x00000000a4800000, 0x00000000a4900000|  0%| F|  |TAMS 0x00000000a4800000, 0x00000000a4800000| Untracked 
|  59|0x00000000a4900000, 0x00000000a4900000, 0x00000000a4a00000|  0%| F|  |TAMS 0x00000000a4900000, 0x00000000a4900000| Untracked 
|  60|0x00000000a4a00000, 0x00000000a4a00000, 0x00000000a4b00000|  0%| F|  |TAMS 0x00000000a4a00000, 0x00000000a4a00000| Untracked 
|  61|0x00000000a4b00000, 0x00000000a4b00000, 0x00000000a4c00000|  0%| F|  |TAMS 0x00000000a4b00000, 0x00000000a4b00000| Untracked 
|  62|0x00000000a4c00000, 0x00000000a4c00000, 0x00000000a4d00000|  0%| F|  |TAMS 0x00000000a4c00000, 0x00000000a4c00000| Untracked 
|  63|0x00000000a4d00000, 0x00000000a4d00000, 0x00000000a4e00000|  0%| F|  |TAMS 0x00000000a4d00000, 0x00000000a4d00000| Untracked 
|  64|0x00000000a4e00000, 0x00000000a4e00000, 0x00000000a4f00000|  0%| F|  |TAMS 0x00000000a4e00000, 0x00000000a4e00000| Untracked 
|  65|0x00000000a4f00000, 0x00000000a4f00000, 0x00000000a5000000|  0%| F|  |TAMS 0x00000000a4f00000, 0x00000000a4f00000| Untracked 
|  66|0x00000000a5000000, 0x00000000a5000000, 0x00000000a5100000|  0%| F|  |TAMS 0x00000000a5000000, 0x00000000a5000000| Untracked 
|  67|0x00000000a5100000, 0x00000000a5100000, 0x00000000a5200000|  0%| F|  |TAMS 0x00000000a5100000, 0x00000000a5100000| Untracked 
|  68|0x00000000a5200000, 0x00000000a5200000, 0x00000000a5300000|  0%| F|  |TAMS 0x00000000a5200000, 0x00000000a5200000| Untracked 
|  69|0x00000000a5300000, 0x00000000a5300000, 0x00000000a5400000|  0%| F|  |TAMS 0x00000000a5300000, 0x00000000a5300000| Untracked 
|  70|0x00000000a5400000, 0x00000000a5500000, 0x00000000a5500000|100%| S|CS|TAMS 0x00000000a5400000, 0x00000000a5400000| Complete 
|  71|0x00000000a5500000, 0x00000000a5600000, 0x00000000a5600000|100%| S|CS|TAMS 0x00000000a5500000, 0x00000000a5500000| Complete 
|  72|0x00000000a5600000, 0x00000000a5700000, 0x00000000a5700000|100%| S|CS|TAMS 0x00000000a5600000, 0x00000000a5600000| Complete 
|  73|0x00000000a5700000, 0x00000000a5700000, 0x00000000a5800000|  0%| F|  |TAMS 0x00000000a5700000, 0x00000000a5700000| Untracked 
|  74|0x00000000a5800000, 0x00000000a5800000, 0x00000000a5900000|  0%| F|  |TAMS 0x00000000a5800000, 0x00000000a5800000| Untracked 
|  75|0x00000000a5900000, 0x00000000a5900000, 0x00000000a5a00000|  0%| F|  |TAMS 0x00000000a5900000, 0x00000000a5900000| Untracked 
|  76|0x00000000a5a00000, 0x00000000a5a00000, 0x00000000a5b00000|  0%| F|  |TAMS 0x00000000a5a00000, 0x00000000a5a00000| Untracked 
|  77|0x00000000a5b00000, 0x00000000a5b00000, 0x00000000a5c00000|  0%| F|  |TAMS 0x00000000a5b00000, 0x00000000a5b00000| Untracked 
|  78|0x00000000a5c00000, 0x00000000a5c00000, 0x00000000a5d00000|  0%| F|  |TAMS 0x00000000a5c00000, 0x00000000a5c00000| Untracked 
|  79|0x00000000a5d00000, 0x00000000a5d00000, 0x00000000a5e00000|  0%| F|  |TAMS 0x00000000a5d00000, 0x00000000a5d00000| Untracked 
|  80|0x00000000a5e00000, 0x00000000a5e00000, 0x00000000a5f00000|  0%| F|  |TAMS 0x00000000a5e00000, 0x00000000a5e00000| Untracked 
|  81|0x00000000a5f00000, 0x00000000a5f00000, 0x00000000a6000000|  0%| F|  |TAMS 0x00000000a5f00000, 0x00000000a5f00000| Untracked 
|  82|0x00000000a6000000, 0x00000000a6000000, 0x00000000a6100000|  0%| F|  |TAMS 0x00000000a6000000, 0x00000000a6000000| Untracked 
|  83|0x00000000a6100000, 0x00000000a6100000, 0x00000000a6200000|  0%| F|  |TAMS 0x00000000a6100000, 0x00000000a6100000| Untracked 
|  84|0x00000000a6200000, 0x00000000a6200000, 0x00000000a6300000|  0%| F|  |TAMS 0x00000000a6200000, 0x00000000a6200000| Untracked 
|  85|0x00000000a6300000, 0x00000000a6300000, 0x00000000a6400000|  0%| F|  |TAMS 0x00000000a6300000, 0x00000000a6300000| Untracked 
|  86|0x00000000a6400000, 0x00000000a6400000, 0x00000000a6500000|  0%| F|  |TAMS 0x00000000a6400000, 0x00000000a6400000| Untracked 
|  87|0x00000000a6500000, 0x00000000a6500000, 0x00000000a6600000|  0%| F|  |TAMS 0x00000000a6500000, 0x00000000a6500000| Untracked 
|  88|0x00000000a6600000, 0x00000000a6600000, 0x00000000a6700000|  0%| F|  |TAMS 0x00000000a6600000, 0x00000000a6600000| Untracked 
|  89|0x00000000a6700000, 0x00000000a6700000, 0x00000000a6800000|  0%| F|  |TAMS 0x00000000a6700000, 0x00000000a6700000| Untracked 
|  90|0x00000000a6800000, 0x00000000a6800000, 0x00000000a6900000|  0%| F|  |TAMS 0x00000000a6800000, 0x00000000a6800000| Untracked 
|  91|0x00000000a6900000, 0x00000000a6900000, 0x00000000a6a00000|  0%| F|  |TAMS 0x00000000a6900000, 0x00000000a6900000| Untracked 
|  92|0x00000000a6a00000, 0x00000000a6a45f40, 0x00000000a6b00000| 27%| E|  |TAMS 0x00000000a6a00000, 0x00000000a6a00000| Complete 
|  93|0x00000000a6b00000, 0x00000000a6c00000, 0x00000000a6c00000|100%| E|CS|TAMS 0x00000000a6b00000, 0x00000000a6b00000| Complete 
|  94|0x00000000a6c00000, 0x00000000a6d00000, 0x00000000a6d00000|100%| E|CS|TAMS 0x00000000a6c00000, 0x00000000a6c00000| Complete 
|  95|0x00000000a6d00000, 0x00000000a6e00000, 0x00000000a6e00000|100%| E|CS|TAMS 0x00000000a6d00000, 0x00000000a6d00000| Complete 

Card table byte_map: [0x0000027c6c300000,0x0000027c6c600000] _byte_map_base: 0x0000027c6bdf9000

Marking Bits (Prev, Next): (CMBitMap*) 0x0000027c554ad320, (CMBitMap*) 0x0000027c554ad360
 Prev Bits: [0x0000027c6c900000, 0x0000027c6e0c8000)
 Next Bits: [0x0000027c6e0d0000, 0x0000027c6f898000)

Polling page: 0x0000027c53370000

Metaspace:

Usage:
  Non-class:     12.29 MB used.
      Class:      1.66 MB used.
       Both:     13.95 MB used.

Virtual space:
  Non-class space:       16.00 MB reserved,      12.44 MB ( 78%) committed,  2 nodes.
      Class space:        1.00 GB reserved,       1.81 MB ( <1%) committed,  1 nodes.
             Both:        1.02 GB reserved,      14.25 MB (  1%) committed. 

Chunk freelists:
   Non-Class:  2.98 MB
       Class:  2.17 MB
        Both:  5.16 MB

MaxMetaspaceSize: unlimited
CompressedClassSpaceSize: 1.00 GB
Initial GC threshold: 21.00 MB
Current GC threshold: 21.00 MB
CDS: on
MetaspaceReclaimPolicy: balanced
 - commit_granule_bytes: 65536.
 - commit_granule_words: 8192.
 - virtual_space_node_default_size: 1048576.
 - enlarge_chunks_in_place: 1.
 - new_chunks_are_fully_committed: 0.
 - uncommit_free_chunks: 1.
 - use_allocation_guard: 0.
 - handle_deallocations: 1.


Internal statistics:

num_allocs_failed_limit: 0.
num_arena_births: 158.
num_arena_deaths: 0.
num_vsnodes_births: 3.
num_vsnodes_deaths: 0.
num_space_committed: 228.
num_space_uncommitted: 0.
num_chunks_returned_to_freelist: 0.
num_chunks_taken_from_freelist: 302.
num_chunk_merges: 0.
num_chunk_splits: 169.
num_chunks_enlarged: 82.
num_purges: 0.
num_inconsistent_stats: 0.

CodeHeap 'non-profiled nmethods': size=120000Kb used=462Kb max_used=462Kb free=119537Kb
 bounds [0x0000027c647a0000, 0x0000027c64a10000, 0x0000027c6bcd0000]
CodeHeap 'profiled nmethods': size=120000Kb used=2682Kb max_used=2682Kb free=117317Kb
 bounds [0x0000027c5d270000, 0x0000027c5d510000, 0x0000027c647a0000]
CodeHeap 'non-nmethods': size=5760Kb used=1333Kb max_used=1333Kb free=4426Kb
 bounds [0x0000027c5ccd0000, 0x0000027c5cf40000, 0x0000027c5d270000]
 total_blobs=2177 nmethods=1502 adapters=588
 compilation: enabled
              stopped_count=0, restarted_count=0
 full_count=0

Compilation events (20 events):
Event: 1.666 Thread 0x0000027c722a8660 1470       3       java.nio.MappedByteBuffer::position (8 bytes)
Event: 1.666 Thread 0x0000027c722a8660 nmethod 1470 0x0000027c5d502010 code [0x0000027c5d5021c0, 0x0000027c5d502368]
Event: 1.666 Thread 0x0000027c722a8660 1471       1       java.nio.DirectByteBuffer::isReadOnly (2 bytes)
Event: 1.666 Thread 0x0000027c722a8660 nmethod 1471 0x0000027c64810290 code [0x0000027c64810420, 0x0000027c648104f8]
Event: 1.666 Thread 0x0000027c722a8660 1468       1       java.nio.HeapByteBuffer::isReadOnly (2 bytes)
Event: 1.666 Thread 0x0000027c722a8660 nmethod 1468 0x0000027c64810590 code [0x0000027c64810720, 0x0000027c648107f8]
Event: 1.666 Thread 0x0000027c722a8660 1472       3       javax.swing.GroupLayout$Spring::constrain (7 bytes)
Event: 1.667 Thread 0x0000027c722a8660 nmethod 1472 0x0000027c5d502410 code [0x0000027c5d5025a0, 0x0000027c5d502758]
Event: 1.667 Thread 0x0000027c722a8660 1473       3       javax.swing.GroupLayout$Group::getSpring (14 bytes)
Event: 1.667 Thread 0x0000027c722a8660 nmethod 1473 0x0000027c5d502810 code [0x0000027c5d5029c0, 0x0000027c5d502c88]
Event: 1.667 Thread 0x0000027c722a8660 1474       3       javax.swing.GroupLayout$Group::getSpringSize (62 bytes)
Event: 1.667 Thread 0x0000027c722a8660 nmethod 1474 0x0000027c5d502d90 code [0x0000027c5d502fc0, 0x0000027c5d503b28]
Event: 1.667 Thread 0x0000027c722a8660 1477       3       javax.swing.GroupLayout$Spring::getPreferredSize (27 bytes)
Event: 1.668 Thread 0x0000027c722a8660 nmethod 1477 0x0000027c5d503d90 code [0x0000027c5d503f40, 0x0000027c5d5042e8]
Event: 1.668 Thread 0x0000027c722a8660 1476       3       javax.swing.GroupLayout$SequentialGroup::operator (12 bytes)
Event: 1.668 Thread 0x0000027c722a8660 nmethod 1476 0x0000027c5d504410 code [0x0000027c5d5045c0, 0x0000027c5d5049f8]
Event: 1.668 Thread 0x0000027c722a8660 1475       1       javax.swing.GroupLayout$ComponentSpring::getComponent (5 bytes)
Event: 1.668 Thread 0x0000027c722a8660 nmethod 1475 0x0000027c64810890 code [0x0000027c64810a20, 0x0000027c64810af8]
Event: 1.668 Thread 0x0000027c722a8660 1478       1       javax.swing.GroupLayout$Spring::getSize (5 bytes)
Event: 1.668 Thread 0x0000027c722a8660 nmethod 1478 0x0000027c64810b90 code [0x0000027c64810d20, 0x0000027c64810df8]

GC Heap History (2 events):
Event: 1.565 GC heap before
{Heap before GC invocations=0 (full 0):
 garbage-first heap   total 98304K, used 26624K [0x00000000a0e00000, 0x0000000100000000)
  region size 1024K, 23 young (23552K), 0 survivors (0K)
 Metaspace       used 13105K, committed 13440K, reserved 1064960K
  class space    used 1572K, committed 1728K, reserved 1048576K
}
Event: 1.573 GC heap after
{Heap after GC invocations=1 (full 0):
 garbage-first heap   total 98304K, used 10507K [0x00000000a0e00000, 0x0000000100000000)
  region size 1024K, 3 young (3072K), 3 survivors (3072K)
 Metaspace       used 13105K, committed 13440K, reserved 1064960K
  class space    used 1572K, committed 1728K, reserved 1048576K
}

Deoptimization events (20 events):
Event: 1.487 Thread 0x0000027c72297bd0 Uncommon trap: trap_request=0xffffff45 fr.pc=0x0000027c647fcdc8 relative=0x0000000000000228
Event: 1.487 Thread 0x0000027c72297bd0 Uncommon trap: reason=unstable_if action=reinterpret pc=0x0000027c647fcdc8 method=java.util.HashMap.getNode(Ljava/lang/Object;)Ljava/util/HashMap$Node; @ 85 c2
Event: 1.488 Thread 0x0000027c72297bd0 DEOPT PACKING pc=0x0000027c647fcdc8 sp=0x000000ae5bbfd490
Event: 1.488 Thread 0x0000027c72297bd0 DEOPT UNPACKING pc=0x0000027c5cd223a3 sp=0x000000ae5bbfd3a0 mode 2
Event: 1.652 Thread 0x0000027c722993e0 Uncommon trap: trap_request=0xffffffde fr.pc=0x0000027c647f5678 relative=0x0000000000000978
Event: 1.652 Thread 0x0000027c722993e0 Uncommon trap: reason=class_check action=maybe_recompile pc=0x0000027c647f5678 method=java.util.HashMap.putVal(ILjava/lang/Object;Ljava/lang/Object;ZZ)Ljava/lang/Object; @ 203 c2
Event: 1.652 Thread 0x0000027c722993e0 DEOPT PACKING pc=0x0000027c647f5678 sp=0x000000ae5b4fe540
Event: 1.652 Thread 0x0000027c722993e0 DEOPT UNPACKING pc=0x0000027c5cd223a3 sp=0x000000ae5b4fe4e0 mode 2
Event: 1.653 Thread 0x0000027c722993e0 Uncommon trap: trap_request=0xffffffde fr.pc=0x0000027c647f5678 relative=0x0000000000000978
Event: 1.653 Thread 0x0000027c722993e0 Uncommon trap: reason=class_check action=maybe_recompile pc=0x0000027c647f5678 method=java.util.HashMap.putVal(ILjava/lang/Object;Ljava/lang/Object;ZZ)Ljava/lang/Object; @ 203 c2
Event: 1.653 Thread 0x0000027c722993e0 DEOPT PACKING pc=0x0000027c647f5678 sp=0x000000ae5b4fe540
Event: 1.653 Thread 0x0000027c722993e0 DEOPT UNPACKING pc=0x0000027c5cd223a3 sp=0x000000ae5b4fe4e0 mode 2
Event: 1.653 Thread 0x0000027c722993e0 Uncommon trap: trap_request=0xffffffde fr.pc=0x0000027c647f5678 relative=0x0000000000000978
Event: 1.653 Thread 0x0000027c722993e0 Uncommon trap: reason=class_check action=maybe_recompile pc=0x0000027c647f5678 method=java.util.HashMap.putVal(ILjava/lang/Object;Ljava/lang/Object;ZZ)Ljava/lang/Object; @ 203 c2
Event: 1.653 Thread 0x0000027c722993e0 DEOPT PACKING pc=0x0000027c647f5678 sp=0x000000ae5b4fe540
Event: 1.653 Thread 0x0000027c722993e0 DEOPT UNPACKING pc=0x0000027c5cd223a3 sp=0x000000ae5b4fe4e0 mode 2
Event: 1.653 Thread 0x0000027c722993e0 Uncommon trap: trap_request=0xffffffde fr.pc=0x0000027c647f5678 relative=0x0000000000000978
Event: 1.653 Thread 0x0000027c722993e0 Uncommon trap: reason=class_check action=maybe_recompile pc=0x0000027c647f5678 method=java.util.HashMap.putVal(ILjava/lang/Object;Ljava/lang/Object;ZZ)Ljava/lang/Object; @ 203 c2
Event: 1.653 Thread 0x0000027c722993e0 DEOPT PACKING pc=0x0000027c647f5678 sp=0x000000ae5b4fe540
Event: 1.653 Thread 0x0000027c722993e0 DEOPT UNPACKING pc=0x0000027c5cd223a3 sp=0x000000ae5b4fe4e0 mode 2

Classes unloaded (0 events):
No events

Classes redefined (0 events):
No events

Internal exceptions (20 events):
Event: 0.968 Thread 0x0000027c554751d0 Exception <a 'java/lang/ClassNotFoundException'{0x00000000a63a4018}: Tree> (0x00000000a63a4018) 
thrown [t:\workspace\open\src\hotspot\share\classfile\systemDictionary.cpp, line 256]
Event: 0.968 Thread 0x0000027c554751d0 Exception <a 'java/lang/ClassNotFoundException'{0x00000000a63a4510}: Tree> (0x00000000a63a4510) 
thrown [t:\workspace\open\src\hotspot\share\classfile\systemDictionary.cpp, line 256]
Event: 0.968 Thread 0x0000027c554751d0 Exception <a 'java/lang/ClassNotFoundException'{0x00000000a63a4880}: javax/swing/JTreeCell> (0x00000000a63a4880) 
thrown [t:\workspace\open\src\hotspot\share\classfile\systemDictionary.cpp, line 256]
Event: 0.968 Thread 0x0000027c554751d0 Exception <a 'java/lang/ClassNotFoundException'{0x00000000a63a4b80}: TreeCell> (0x00000000a63a4b80) 
thrown [t:\workspace\open\src\hotspot\share\classfile\systemDictionary.cpp, line 256]
Event: 0.969 Thread 0x0000027c554751d0 Exception <a 'java/lang/ClassNotFoundException'{0x00000000a63a5340}: RootPane> (0x00000000a63a5340) 
thrown [t:\workspace\open\src\hotspot\share\classfile\systemDictionary.cpp, line 256]
Event: 0.972 Thread 0x0000027c554751d0 Implicit null exception at 0x0000027c647e575e to 0x0000027c647e697d
Event: 0.978 Thread 0x0000027c554751d0 Exception <a 'java/lang/ClassNotFoundException'{0x00000000a63a8190}: com/sun/swing/internal/plaf/metal/resources/spi/metalProvider> (0x00000000a63a8190) 
thrown [t:\workspace\open\src\hotspot\share\classfile\systemDictionary.cpp, line 256]
Event: 0.981 Thread 0x0000027c554751d0 Exception <a 'java/lang/ClassNotFoundException'{0x00000000a63abd60}: com/sun/swing/internal/plaf/basic/resources/spi/basicProvider> (0x00000000a63abd60) 
thrown [t:\workspace\open\src\hotspot\share\classfile\systemDictionary.cpp, line 256]
Event: 1.063 Thread 0x0000027c722993e0 Exception <a 'java/lang/NoSuchMethodError'{0x00000000a625de90}: 'void java.lang.invoke.DirectMethodHandle$Holder.invokeStatic(java.lang.Object, long)'> (0x00000000a625de90) 
thrown [t:\workspace\open\src\hotspot\share\interpreter\linkResolver.cpp, line 766]
Event: 1.065 Thread 0x0000027c722993e0 Exception <a 'java/lang/NoSuchMethodError'{0x00000000a62634e0}: 'java.lang.Object java.lang.invoke.DirectMethodHandle$Holder.newInvokeSpecial(java.lang.Object, long)'> (0x00000000a62634e0) 
thrown [t:\workspace\open\src\hotspot\share\interpreter\linkResolver.cpp, line 766]
Event: 1.069 Thread 0x0000027c722993e0 Exception <a 'java/lang/NoSuchMethodError'{0x00000000a626d6e8}: 'java.lang.Object java.lang.invoke.DirectMethodHandle$Holder.invokeStaticInit(java.lang.Object, java.lang.Object, long, java.lang.Object)'> (0x00000000a626d6e8) 
thrown [t:\workspace\open\src\hotspot\share\interpreter\linkResolver.cpp, line 766]
Event: 1.072 Thread 0x0000027c722993e0 Exception <a 'java/lang/NoSuchMethodError'{0x00000000a6273c68}: 'java.lang.Object java.lang.invoke.DirectMethodHandle$Holder.newInvokeSpecial(java.lang.Object, java.lang.Object, long)'> (0x00000000a6273c68) 
thrown [t:\workspace\open\src\hotspot\share\interpreter\linkResolver.cpp, line 766]
Event: 1.073 Thread 0x0000027c722993e0 Exception <a 'java/lang/NoSuchMethodError'{0x00000000a62777d8}: 'java.lang.Object java.lang.invoke.Invokers$Holder.linkToTargetMethod(java.lang.Object, long, java.lang.Object)'> (0x00000000a62777d8) 
thrown [t:\workspace\open\src\hotspot\share\interpreter\linkResolver.cpp, line 766]
Event: 1.228 Thread 0x0000027c72297bd0 Exception <a 'java/lang/ClassNotFoundException'{0x00000000a6115668}: com/sun/swing/internal/plaf/synth/resources/spi/synthProvider> (0x00000000a6115668) 
thrown [t:\workspace\open\src\hotspot\share\classfile\systemDictionary.cpp, line 256]
Event: 1.266 Thread 0x0000027c722993e0 Exception <a 'java/lang/NoSuchMethodError'{0x00000000a61e8c78}: 'int java.lang.invoke.DirectMethodHandle$Holder.invokeSpecial(java.lang.Object, java.lang.Object, java.lang.Object)'> (0x00000000a61e8c78) 
thrown [t:\workspace\open\src\hotspot\share\interpreter\linkResolver.cpp, line 766]
Event: 1.288 Thread 0x0000027c72298570 Implicit null exception at 0x0000027c647ddaf5 to 0x0000027c647de430
Event: 1.288 Thread 0x0000027c72298570 Implicit null exception at 0x0000027c647db4f4 to 0x0000027c647dbe20
Event: 1.357 Thread 0x0000027c72298570 Exception <a 'java/lang/NoSuchMethodError'{0x00000000a5e67a60}: 'java.lang.Object java.lang.invoke.DirectMethodHandle$Holder.newInvokeSpecial(java.lang.Object, java.lang.Object, java.lang.Object, int, int, int, int, int)'> (0x00000000a5e67a60) 
thrown [t:\workspace\open\src\hotspot\share\interpreter\linkResolver.cpp, line 766]
Event: 1.546 Thread 0x0000027c72297bd0 Exception <a 'java/lang/NoSuchMethodError'{0x00000000a58cc360}: 'void java.lang.invoke.DirectMethodHandle$Holder.invokeStaticInit(java.lang.Object)'> (0x00000000a58cc360) 
thrown [t:\workspace\open\src\hotspot\share\interpreter\linkResolver.cpp, line 766]
Event: 1.668 Thread 0x0000027c72297230 Exception <a 'java/lang/NoSuchMethodError'{0x00000000a6ba5550}: 'void java.lang.invoke.DirectMethodHandle$Holder.invokeVirtual(java.lang.Object, java.lang.Object)'> (0x00000000a6ba5550) 
thrown [t:\workspace\open\src\hotspot\share\interpreter\linkResolver.cpp, line 766]

VM Operations (18 events):
Event: 0.359 Executing VM operation: HandshakeAllThreads
Event: 0.359 Executing VM operation: HandshakeAllThreads done
Event: 0.460 Executing VM operation: HandshakeAllThreads
Event: 0.460 Executing VM operation: HandshakeAllThreads done
Event: 0.632 Executing VM operation: HandshakeAllThreads
Event: 0.632 Executing VM operation: HandshakeAllThreads done
Event: 0.653 Executing VM operation: HandshakeAllThreads
Event: 0.653 Executing VM operation: HandshakeAllThreads done
Event: 0.820 Executing VM operation: HandshakeAllThreads
Event: 0.820 Executing VM operation: HandshakeAllThreads done
Event: 1.085 Executing VM operation: HandshakeAllThreads
Event: 1.085 Executing VM operation: HandshakeAllThreads done
Event: 1.463 Executing VM operation: ICBufferFull
Event: 1.463 Executing VM operation: ICBufferFull done
Event: 1.565 Executing VM operation: G1CollectForAllocation
Event: 1.573 Executing VM operation: G1CollectForAllocation done
Event: 1.614 Executing VM operation: HandshakeAllThreads
Event: 1.614 Executing VM operation: HandshakeAllThreads done

Events (20 events):
Event: 1.635 loading class javax/swing/text/SegmentCache$CachedSegment done
Event: 1.635 loading class javax/swing/text/Utilities
Event: 1.636 loading class javax/swing/text/Utilities done
Event: 1.636 loading class sun/font/CompositeGlyphMapper
Event: 1.636 loading class sun/font/CompositeGlyphMapper done
Event: 1.644 loading class javax/swing/GroupLayout$1
Event: 1.644 loading class javax/swing/GroupLayout$1 done
Event: 1.644 loading class java/awt/Component$BaselineResizeBehavior
Event: 1.644 loading class java/awt/Component$BaselineResizeBehavior done
Event: 1.644 loading class javax/swing/LayoutStyle
Event: 1.644 loading class javax/swing/LayoutStyle done
Event: 1.644 loading class sun/swing/DefaultLayoutStyle
Event: 1.645 loading class sun/swing/DefaultLayoutStyle done
Event: 1.655 loading class sun/font/SunFontManager$FamilyDescription
Event: 1.655 loading class sun/font/SunFontManager$FamilyDescription done
Event: 1.655 loading class sun/font/SunFontManager$5
Event: 1.656 loading class sun/font/SunFontManager$5 done
Event: 1.658 Thread 0x0000027c722993e0 Thread exited: 0x0000027c722993e0
Event: 1.667 loading class javax/swing/GroupLayout$SpringDelta
Event: 1.667 loading class javax/swing/GroupLayout$SpringDelta done


Dynamic libraries:
0x00007ff7e6490000 - 0x00007ff7e64a0000 	C:\Program Files\Java\jdk-17.0.2\bin\java.exe
0x00007ffdc5b10000 - 0x00007ffdc5d05000 	C:\WINDOWS\SYSTEM32\ntdll.dll
0x00007ffdc4d70000 - 0x00007ffdc4e2e000 	C:\WINDOWS\System32\KERNEL32.DLL
0x00007ffdc32f0000 - 0x00007ffdc35b9000 	C:\WINDOWS\System32\KERNELBASE.dll
0x00007ffdc38a0000 - 0x00007ffdc39a0000 	C:\WINDOWS\System32\ucrtbase.dll
0x00007ffdbe1f0000 - 0x00007ffdbe208000 	C:\Program Files\Java\jdk-17.0.2\bin\jli.dll
0x00007ffdbe1a0000 - 0x00007ffdbe1ba000 	C:\Program Files\Java\jdk-17.0.2\bin\VCRUNTIME140.dll
0x00007ffdc4340000 - 0x00007ffdc43ec000 	C:\WINDOWS\System32\ADVAPI32.dll
0x00007ffdc42a0000 - 0x00007ffdc433e000 	C:\WINDOWS\System32\msvcrt.dll
0x00007ffdc3dc0000 - 0x00007ffdc3e5b000 	C:\WINDOWS\System32\sechost.dll
0x00007ffdc4f10000 - 0x00007ffdc503a000 	C:\WINDOWS\System32\RPCRT4.dll
0x00007ffdc5110000 - 0x00007ffdc52b1000 	C:\WINDOWS\System32\USER32.dll
0x00007ffdc3660000 - 0x00007ffdc3682000 	C:\WINDOWS\System32\win32u.dll
0x00007ffdc53e0000 - 0x00007ffdc540b000 	C:\WINDOWS\System32\GDI32.dll
0x00007ffdc39a0000 - 0x00007ffdc3aab000 	C:\WINDOWS\System32\gdi32full.dll
0x00007ffdb13a0000 - 0x00007ffdb163a000 	C:\WINDOWS\WinSxS\amd64_microsoft.windows.common-controls_6595b64144ccf1df_6.0.19041.1110_none_60b5254171f9507e\COMCTL32.dll
0x00007ffdc35c0000 - 0x00007ffdc365d000 	C:\WINDOWS\System32\msvcp_win.dll
0x00007ffdbb470000 - 0x00007ffdbb47a000 	C:\WINDOWS\SYSTEM32\VERSION.dll
0x00007ffdc5470000 - 0x00007ffdc54a0000 	C:\WINDOWS\System32\IMM32.DLL
0x00007ffdbe270000 - 0x00007ffdbe27c000 	C:\Program Files\Java\jdk-17.0.2\bin\vcruntime140_1.dll
0x00007ffdb2c60000 - 0x00007ffdb2ced000 	C:\Program Files\Java\jdk-17.0.2\bin\msvcp140.dll
0x00007ffd859f0000 - 0x00007ffd865b1000 	C:\Program Files\Java\jdk-17.0.2\bin\server\jvm.dll
0x00007ffdc54a0000 - 0x00007ffdc54a8000 	C:\WINDOWS\System32\PSAPI.DLL
0x00007ffdb9d10000 - 0x00007ffdb9d37000 	C:\WINDOWS\SYSTEM32\WINMM.dll
0x00007ffdaed30000 - 0x00007ffdaed39000 	C:\WINDOWS\SYSTEM32\WSOCK32.dll
0x00007ffdc5040000 - 0x00007ffdc50ab000 	C:\WINDOWS\System32\WS2_32.dll
0x00007ffdc10f0000 - 0x00007ffdc1102000 	C:\WINDOWS\SYSTEM32\kernel.appcore.dll
0x00007ffdbec30000 - 0x00007ffdbec3a000 	C:\Program Files\Java\jdk-17.0.2\bin\jimage.dll
0x00007ffdb6cb0000 - 0x00007ffdb6e94000 	C:\WINDOWS\SYSTEM32\DBGHELP.DLL
0x00007ffdb6b80000 - 0x00007ffdb6bac000 	C:\WINDOWS\SYSTEM32\dbgcore.DLL
0x00007ffdc3260000 - 0x00007ffdc32e3000 	C:\WINDOWS\System32\bcryptPrimitives.dll
0x00007ffdbec20000 - 0x00007ffdbec2e000 	C:\Program Files\Java\jdk-17.0.2\bin\instrument.dll
0x00007ffdbd760000 - 0x00007ffdbd785000 	C:\Program Files\Java\jdk-17.0.2\bin\java.dll
0x00007ffd8dd60000 - 0x00007ffd8de36000 	C:\Program Files\Java\jdk-17.0.2\bin\jsvml.dll
0x00007ffdc45a0000 - 0x00007ffdc4cdf000 	C:\WINDOWS\System32\SHELL32.dll
0x00007ffdc12f0000 - 0x00007ffdc1a80000 	C:\WINDOWS\SYSTEM32\windows.storage.dll
0x00007ffdc3e60000 - 0x00007ffdc41b5000 	C:\WINDOWS\System32\combase.dll
0x00007ffdc2c80000 - 0x00007ffdc2cac000 	C:\WINDOWS\SYSTEM32\Wldp.dll
0x00007ffdc4e30000 - 0x00007ffdc4edd000 	C:\WINDOWS\System32\SHCORE.dll
0x00007ffdc3c30000 - 0x00007ffdc3c85000 	C:\WINDOWS\System32\shlwapi.dll
0x00007ffdc3170000 - 0x00007ffdc318f000 	C:\WINDOWS\SYSTEM32\profapi.dll
0x00007ffdb4080000 - 0x00007ffdb4099000 	C:\Program Files\Java\jdk-17.0.2\bin\net.dll
0x00007ffdb4180000 - 0x00007ffdb4288000 	C:\WINDOWS\SYSTEM32\WINHTTP.dll
0x00007ffdc2990000 - 0x00007ffdc29fa000 	C:\WINDOWS\system32\mswsock.dll
0x00007ffdb2b00000 - 0x00007ffdb2b16000 	C:\Program Files\Java\jdk-17.0.2\bin\nio.dll
0x00007ffdb4b30000 - 0x00007ffdb4b48000 	C:\Program Files\Java\jdk-17.0.2\bin\zip.dll
0x00007ffdbe240000 - 0x00007ffdbe250000 	C:\Program Files\Java\jdk-17.0.2\bin\verify.dll
0x00007ffd854b0000 - 0x00007ffd8563f000 	C:\Program Files\Java\jdk-17.0.2\bin\awt.dll
0x00007ffdc3b60000 - 0x00007ffdc3c2d000 	C:\WINDOWS\System32\OLEAUT32.dll
0x00007ffdc0a30000 - 0x00007ffdc0ac0000 	C:\WINDOWS\SYSTEM32\apphelp.dll
0x00007ffdc0c10000 - 0x00007ffdc0cae000 	C:\WINDOWS\system32\uxtheme.dll
0x00007ffdc52c0000 - 0x00007ffdc53d5000 	C:\WINDOWS\System32\MSCTF.dll
0x00007ffdc3c90000 - 0x00007ffdc3dba000 	C:\WINDOWS\System32\ole32.dll
0x00007ffdbd740000 - 0x00007ffdbd74e000 	C:\Program Files\Java\jdk-17.0.2\bin\sunmscapi.dll
0x00007ffdc3740000 - 0x00007ffdc3896000 	C:\WINDOWS\System32\CRYPT32.dll
0x00007ffdc2cf0000 - 0x00007ffdc2d17000 	C:\WINDOWS\SYSTEM32\ncrypt.dll
0x00007ffdc2cb0000 - 0x00007ffdc2ceb000 	C:\WINDOWS\SYSTEM32\NTASN1.dll
0x00007ffd917d0000 - 0x00007ffd917d7000 	C:\WINDOWS\system32\wshunix.dll
0x00007ffdc0e00000 - 0x00007ffdc0e2f000 	C:\WINDOWS\system32\DWMAPI.DLL
0x00007ffdc2b80000 - 0x00007ffdc2b98000 	C:\WINDOWS\SYSTEM32\CRYPTSP.dll
0x00007ffdc22b0000 - 0x00007ffdc22e4000 	C:\WINDOWS\system32\rsaenh.dll
0x00007ffdc3230000 - 0x00007ffdc3257000 	C:\WINDOWS\System32\bcrypt.dll
0x00007ffdc3130000 - 0x00007ffdc315e000 	C:\WINDOWS\SYSTEM32\USERENV.dll
0x00007ffdc2b70000 - 0x00007ffdc2b7c000 	C:\WINDOWS\SYSTEM32\CRYPTBASE.dll
0x00007ffdc2650000 - 0x00007ffdc268b000 	C:\WINDOWS\SYSTEM32\IPHLPAPI.DLL
0x00007ffdc54b0000 - 0x00007ffdc54b8000 	C:\WINDOWS\System32\NSI.dll
0x00007ffd86830000 - 0x00007ffd868b9000 	C:\Program Files\Java\jdk-17.0.2\bin\freetype.dll
0x00007ffd85400000 - 0x00007ffd854a8000 	C:\Program Files\Java\jdk-17.0.2\bin\fontmanager.dll
0x00007ffdba480000 - 0x00007ffdba497000 	C:\WINDOWS\SYSTEM32\dhcpcsvc6.DLL
0x00007ffdbb510000 - 0x00007ffdbb52d000 	C:\WINDOWS\SYSTEM32\dhcpcsvc.DLL
0x00007ffdc2690000 - 0x00007ffdc275c000 	C:\WINDOWS\SYSTEM32\DNSAPI.dll
0x00007ffdafb70000 - 0x00007ffdafb7a000 	C:\Windows\System32\rasadhlp.dll
0x00007ffdb5840000 - 0x00007ffdb58bf000 	C:\WINDOWS\System32\fwpuclnt.dll
0x00007ffd6a840000 - 0x00007ffd6a965000 	C:\WINDOWS\system32\opengl32.dll
0x00007ffd70b00000 - 0x00007ffd70b2c000 	C:\WINDOWS\SYSTEM32\GLU32.dll
0x00007ffdbc5e0000 - 0x00007ffdbc7ae000 	C:\WINDOWS\system32\d3d9.dll
0x00007ffdb9d40000 - 0x00007ffdb9f1b000 	C:\WINDOWS\System32\DriverStore\FileRepository\u0357645.inf_amd64_3c66802dbd4d45a0\B357435\aticfx64.dll
0x00007ffd70ac0000 - 0x00007ffd70af3000 	C:\WINDOWS\System32\DriverStore\FileRepository\u0357645.inf_amd64_3c66802dbd4d45a0\B357435\atiu9p64.dll
0x00007ffd55d20000 - 0x00007ffd569b6000 	C:\WINDOWS\System32\DriverStore\FileRepository\u0357645.inf_amd64_3c66802dbd4d45a0\B357435\atiumd64.dll
0x0000000070f80000 - 0x0000000071dfd000 	C:\WINDOWS\System32\DriverStore\FileRepository\u0357645.inf_amd64_3c66802dbd4d45a0\B357435\atiumd6a.dll
0x00007ffdc27c0000 - 0x00007ffdc280b000 	C:\WINDOWS\SYSTEM32\POWRPROF.dll
0x00007ffdc2630000 - 0x00007ffdc2642000 	C:\WINDOWS\SYSTEM32\UMPDC.dll
0x00007ffdb8060000 - 0x00007ffdb808f000 	C:\WINDOWS\SYSTEM32\amdihk64.dll
0x00007ffdba440000 - 0x00007ffdba47b000 	C:\WINDOWS\SYSTEM32\dxcore.dll
0x00007ffdc36f0000 - 0x00007ffdc373e000 	C:\WINDOWS\System32\cfgmgr32.dll
0x00007ffdb6480000 - 0x00007ffdb6489000 	C:\Program Files\Java\jdk-17.0.2\bin\management.dll
0x00007ffdb4a80000 - 0x00007ffdb4a8b000 	C:\Program Files\Java\jdk-17.0.2\bin\management_ext.dll
0x00007ffd9f360000 - 0x00007ffd9f377000 	C:\WINDOWS\system32\napinsp.dll
0x00007ffd9f340000 - 0x00007ffd9f35b000 	C:\WINDOWS\system32\pnrpnsp.dll
0x00007ffd9f210000 - 0x00007ffd9f225000 	C:\WINDOWS\system32\wshbth.dll
0x00007ffdbebe0000 - 0x00007ffdbebfd000 	C:\WINDOWS\system32\NLAapi.dll
0x00007ffd9f120000 - 0x00007ffd9f132000 	C:\WINDOWS\System32\winrnr.dll
0x00007ffdb1060000 - 0x00007ffdb108d000 	C:\Program Files\Java\jdk-17.0.2\bin\javajpeg.dll
0x00007ffdc5a20000 - 0x00007ffdc5ac9000 	C:\WINDOWS\System32\clbcatq.dll
0x00007ffdbd020000 - 0x00007ffdbd1d4000 	C:\WINDOWS\SYSTEM32\WindowsCodecs.dll
0x00007ffdae0f0000 - 0x00007ffdae12e000 	C:\WINDOWS\system32\dataexchange.dll
0x00007ffdbfe40000 - 0x00007ffdc0025000 	C:\WINDOWS\system32\dcomp.dll
0x00007ffdbfbd0000 - 0x00007ffdbfe34000 	C:\WINDOWS\system32\d3d11.dll
0x00007ffdc1ae0000 - 0x00007ffdc1bd4000 	C:\WINDOWS\system32\dxgi.dll
0x00007ffdbd430000 - 0x00007ffdbd631000 	C:\WINDOWS\system32\twinapi.appcore.dll
0x00007ffdb6930000 - 0x00007ffdb6a29000 	C:\WINDOWS\SYSTEM32\textinputframework.dll

dbghelp: loaded successfully - version: 4.0.5 - missing functions: none
symbol engine: initialized successfully - sym options: 0x614 - pdb path: .;C:\Program Files\Java\jdk-17.0.2\bin;C:\WINDOWS\SYSTEM32;C:\WINDOWS\WinSxS\amd64_microsoft.windows.common-controls_6595b64144ccf1df_6.0.19041.1110_none_60b5254171f9507e;C:\Program Files\Java\jdk-17.0.2\bin\server;C:\WINDOWS\System32\DriverStore\FileRepository\u0357645.inf_amd64_3c66802dbd4d45a0\B357435

VM Arguments:
jvm_args: -javaagent:C:\Program Files\LogiGear\TestArchitect\binclient\agents\java\lib\ext\TAJavaLoader.jar -Dfile.encoding=UTF-8 --module-path=D:\hk1 nãm 3\java technology\midterm assignment\SwingMSystem\build\classes 
java_command: main.Login
java_class_path (initial): C:\Program Files\NetBeans-19\netbeans\java\modules\ext\AbsoluteLayout.jar;D:\hk1 nãm 3\java technology\midterm assignment\SwingMSystem\miglayout-4.0.jar;D:\hk1 nãm 3\java technology\midterm assignment\SwingMSystem\timingframework-1.0.jar;D:\hk1 nãm 3\java technology\midterm assignment\SwingMSystem\mysql-connector-java-8.0.28.jar;D:\hk1 nãm 3\java technology\midterm assignment\SwingMSystem\commons-lang3-3.13.0.jar;D:\hk1 nãm 3\java technology\midterm assignment\SwingMSystem\excel import\commons-codec-1.16.0.jar;D:\hk1 nãm 3\java technology\midterm assignment\SwingMSystem\excel import\commons-collections4-4.4.jar;D:\hk1 nãm 3\java technology\midterm assignment\SwingMSystem\excel import\commons-compress-1.24.0.jar;D:\hk1 nãm 3\java technology\midterm assignment\SwingMSystem\excel import\commons-io-2.13.0.jar;D:\hk1 nãm 3\java technology\midterm assignment\SwingMSystem\excel import\commons-math3-3.6.1.jar;D:\hk1 nãm 3\java technology\midterm assignment\SwingMSystem\excel import\curvesapi-1.08.jar;D:\hk1 nãm 3\java technology\midterm assignment\SwingMSystem\excel import\SparseBitSet-1.3.jar;D:\hk1 nãm 3\java technology\midterm assignment\SwingMSystem\excel import\log4j-api-2.20.0.jar;D:\hk1 nãm 3\java technology\midterm assignment\SwingMSystem\excel import\poi-5.2.4.jar;D:\hk1 nãm 3\java technology\midterm assignment\SwingMSystem\excel import\poi-ooxml-5.2.4.jar;D:\hk1 nãm 3\java technology\midterm assignment\SwingMSystem\excel import\poi-ooxml-lite-5.2.4.jar;D:\hk1 nãm 3\java technology\midterm assignment\SwingMSystem\excel import\xmlbeans-5.1.1.jar;D:\hk1 nãm 3\java technology\midterm assignment\SwingMSystem\jcalendar-1.4.jar;D:\hk1 nãm 3\java technology\midterm assignment\SwingMSystem\flatlaf-3.2.5 (1).jar;D:\hk1 nãm 3\java technology\midterm assignment\SwingMSystem\build\classes
Launcher Type: SUN_STANDARD

[Global flags]
     intx CICompilerCount                          = 4                                         {product} {ergonomic}
     uint ConcGCThreads                            = 2                                         {product} {ergonomic}
     uint G1ConcRefinementThreads                  = 8                                         {product} {ergonomic}
   size_t G1HeapRegionSize                         = 1048576                                   {product} {ergonomic}
    uintx GCDrainStackTargetSize                   = 64                                        {product} {ergonomic}
   size_t InitialHeapSize                          = 100663296                                 {product} {ergonomic}
   size_t MarkStackSize                            = 4194304                                   {product} {ergonomic}
   size_t MaxHeapSize                              = 1595932672                                {product} {ergonomic}
   size_t MaxNewSize                               = 957349888                                 {product} {ergonomic}
   size_t MinHeapDeltaBytes                        = 1048576                                   {product} {ergonomic}
   size_t MinHeapSize                              = 8388608                                   {product} {ergonomic}
    uintx NonNMethodCodeHeapSize                   = 5839372                                {pd product} {ergonomic}
    uintx NonProfiledCodeHeapSize                  = 122909434                              {pd product} {ergonomic}
    uintx ProfiledCodeHeapSize                     = 122909434                              {pd product} {ergonomic}
    uintx ReservedCodeCacheSize                    = 251658240                              {pd product} {ergonomic}
     bool SegmentedCodeCache                       = true                                      {product} {ergonomic}
   size_t SoftMaxHeapSize                          = 1595932672                             {manageable} {ergonomic}
     bool UseCompressedClassPointers               = true                           {product lp64_product} {ergonomic}
     bool UseCompressedOops                        = true                           {product lp64_product} {ergonomic}
     bool UseG1GC                                  = true                                      {product} {ergonomic}
     bool UseLargePagesIndividualAllocation        = false                                  {pd product} {ergonomic}

Logging:
Log output configuration:
 #0: stdout all=warning uptime,level,tags
 #1: stderr all=off uptime,level,tags

Environment Variables:
JAVA_HOME=C:\Program Files\Java\jdk-11.0.13
JAVA_TOOL_OPTIONS=-javaagent:"C:\Program Files\LogiGear\TestArchitect\binclient\agents\java\lib\ext\TAJavaLoader.jar"
PATH=C:\Program Files\Microsoft\jdk-11.0.16.101-hotspot\bin;C:\Program Files\Java\jdk-11.0.13\bin;C:\Program Files (x86)\Common Files\Oracle\Java\javapath;C:\Program Files\Python310\Scripts\;C:\Program Files\Common Files\Oracle\Java\javapath;C:\Program Files\Python310\;C:\Windows\system32;C:\Windows;C:\Windows\System32\Wbem;C:\Windows\System32\WindowsPowerShell\v1.0\;C:\Windows\System32\OpenSSH\;C:\Program Files (x86)\NVIDIA Corporation\PhysX\Common;C:\Program Files\NVIDIA Corporation\NVIDIA NvDLISR;C:\MinGW\bin;C:\WINDOWS\system32;C:\WINDOWS;C:\WINDOWS\System32\Wbem;C:\WINDOWS\System32\WindowsPowerShell\v1.0\;C:\WINDOWS\System32\OpenSSH\;C:\Program Files\Git\cmd;C:\Program Files\nodejs\;C:\Program Files\Microsoft SQL Server\Client SDK\ODBC\170\Tools\Binn\;C:\Program Files (x86)\Microsoft SQL Server\150\Tools\Binn\;C:\Program Files\Microsoft SQL Server\150\Tools\Binn\;C:\Program Files\Microsoft SQL Server\150\DTS\Binn\;C:\Program Files (x86)\Microsoft SQL Server\150\DTS\Binn\;C:\Program Files\Amazon\AWSCLI\bin\;C:\Program Files\Go\bin;C:\Program Files\Amazon\SessionManagerPlugin\bin\;C:\Program Files\apache-maven-3.9.4\bin;C:\Program Files\dotnet\;C:\Program Files\LogiGear\LicenseServer\binclient;C:\Program Files\LogiGear\TestArchitect\binclient;C:\Users\konod\.cargo\bin;C:\Users\konod\AppData\Local\Programs\Python\Python310\Scripts\;C:\Users\konod\AppData\Local\Programs\Python\Python310\;C:\Users\konod\AppData\Local\Microsoft\WindowsApps;C:\Users\konod\AppData\Local\Programs\Microsoft VS Code\bin;C:\MinGW\bin;C:\cygwin64\bin;C:\Users\konod\AppData\Local\Programs\Python\Python39;C:\Program Files\Java\jdk-11.0.13\bin;C:\Users\konod\AppData\Roaming\npm;C:\Program Files\Azure Data Studio\bin;C:\Users\konod\AppData\Local\GitHubDesktop\bin;C:\Users\konod\go\bin;C:\Program Files\JetBrains\IntelliJ IDEA 2023.2.2\bin;;C:\Users\konod\.dotnet\tools;C:\Program Files\LogiGear\LicenseServer\binclient;C:\Program Files\LogiGear\TestArchitect\binclient
USERNAME=konod
OS=Windows_NT
PROCESSOR_IDENTIFIER=AMD64 Family 23 Model 24 Stepping 1, AuthenticAMD



---------------  S Y S T E M  ---------------

OS:
 Windows 10 , 64 bit Build 19041 (10.0.19041.1202)
OS uptime: 1 days 16:29 hours
Hyper-V role detected

CPU: total 8 (initial active 8) (8 cores per cpu, 2 threads per core) family 23 model 24 stepping 1 microcode 0x0, cx8, cmov, fxsr, ht, mmx, 3dnowpref, sse, sse2, sse3, ssse3, sse4a, sse4.1, sse4.2, popcnt, lzcnt, tsc, tscinvbit, avx, avx2, aes, clmul, bmi1, bmi2, adx, sha, fma, vzeroupper, clflush, clflushopt, hv

Memory: 4k page, system-wide physical 6081M (266M free)
TotalPageFile size 24513M (AvailPageFile size 1M)
current process WorkingSet (physical memory assigned to process): 113M, peak: 113M
current process commit charge ("private bytes"): 222M, peak: 225M

vm_info: Java HotSpot(TM) 64-Bit Server VM (17.0.2+8-LTS-86) for windows-amd64 JRE (17.0.2+8-LTS-86), built on Dec  7 2021 21:51:03 by "mach5one" with MS VC++ 16.8 / 16.9 (VS2019)

END.
