#
# There is insufficient memory for the Java Runtime Environment to continue.
# Native memory allocation (mmap) failed to map 65536 bytes for Failed to commit metaspace.
# Possible reasons:
#   The system is out of physical RAM or swap space
#   The process is running with CompressedOops enabled, and the Java Heap may be blocking the growth of the native heap
# Possible solutions:
#   Reduce memory load on the system
#   Increase physical memory or swap space
#   Check if swap backing store is full
#   Decrease Java heap size (-Xmx/-Xms)
#   Decrease number of Java threads
#   Decrease Java thread stack sizes (-Xss)
#   Set larger code cache with -XX:ReservedCodeCacheSize=
#   JVM is running with Unscaled Compressed Oops mode in which the Java heap is
#     placed in the first 4GB address space. The Java Heap base address is the
#     maximum limit for the native heap growth. Please use -XX:HeapBaseMinAddress
#     to set the Java Heap base and to place the Java Heap above 4GB virtual address.
# This output file may be truncated or incomplete.
#
#  Out of Memory Error (virtualSpaceNode.cpp:110), pid=26072, tid=3176
#
# JRE version: Java(TM) SE Runtime Environment (17.0.2+8) (build 17.0.2+8-LTS-86)
# Java VM: Java HotSpot(TM) 64-Bit Server VM (17.0.2+8-LTS-86, mixed mode, sharing, tiered, compressed oops, compressed class ptrs, g1 gc, windows-amd64)
# No core dump will be written. Minidumps are not enabled by default on client versions of Windows
#

---------------  S U M M A R Y ------------

Command Line: -javaagent:C:\Program Files\LogiGear\TestArchitect\binclient\agents\java\lib\ext\TAJavaLoader.jar -Dfile.encoding=UTF-8 --module-path=D:\hk1 nãm 3\java technology\midterm assignment\SwingMSystem\build\classes main.Login

Host: AMD Ryzen 7 3750H with Radeon Vega Mobile Gfx  , 8 cores, 5G,  Windows 10 , 64 bit Build 19041 (10.0.19041.1202)
Time: Thu Dec  7 12:23:18 2023 SE Asia Standard Time elapsed time: 0.994780 seconds (0d 0h 0m 0s)

---------------  T H R E A D  ---------------

Current thread (0x00000247277cb5a0):  JavaThread "AWT-EventQueue-0" [_thread_in_vm, id=3176, stack(0x00000066b9600000,0x00000066b9700000)]

Stack: [0x00000066b9600000,0x00000066b9700000]
Native frames: (J=compiled Java code, j=interpreted, Vv=VM code, C=native code)
V  [jvm.dll+0x670baa]
V  [jvm.dll+0x7cfcb4]
V  [jvm.dll+0x7d145e]
V  [jvm.dll+0x7d1ac3]
V  [jvm.dll+0x242bc5]
V  [jvm.dll+0x7cbc5b]
V  [jvm.dll+0x616966]
V  [jvm.dll+0x6169ca]
V  [jvm.dll+0x6191da]
V  [jvm.dll+0x617306]
V  [jvm.dll+0x2385a0]
V  [jvm.dll+0x1e880d]
V  [jvm.dll+0x1de251]
V  [jvm.dll+0x537c30]
V  [jvm.dll+0x1eea37]
V  [jvm.dll+0x74a15b]
V  [jvm.dll+0x74b502]
V  [jvm.dll+0x74bc99]
V  [jvm.dll+0x1e9054]
V  [jvm.dll+0x1de26a]
V  [jvm.dll+0x537c30]
V  [jvm.dll+0x1eea37]
V  [jvm.dll+0x74a15b]
V  [jvm.dll+0x74b502]
V  [jvm.dll+0x74b838]
V  [jvm.dll+0x23af1e]
V  [jvm.dll+0x23b16f]
V  [jvm.dll+0x555aa8]
V  [jvm.dll+0x558910]
V  [jvm.dll+0x37f357]
V  [jvm.dll+0x37e9af]
C  0x00000247113ea602

Java frames: (J=compiled Java code, j=interpreted, Vv=VM code)
j  javax.swing.plaf.synth.SynthLookAndFeel.createUI(Ljavax/swing/JComponent;)Ljavax/swing/plaf/ComponentUI;+143 java.desktop@17.0.2
v  ~StubRoutines::call_stub
j  jdk.internal.reflect.NativeMethodAccessorImpl.invoke0(Ljava/lang/reflect/Method;Ljava/lang/Object;[Ljava/lang/Object;)Ljava/lang/Object;+0 java.base@17.0.2
j  jdk.internal.reflect.NativeMethodAccessorImpl.invoke(Ljava/lang/Object;[Ljava/lang/Object;)Ljava/lang/Object;+133 java.base@17.0.2
j  jdk.internal.reflect.DelegatingMethodAccessorImpl.invoke(Ljava/lang/Object;[Ljava/lang/Object;)Ljava/lang/Object;+6 java.base@17.0.2
j  java.lang.reflect.Method.invoke(Ljava/lang/Object;[Ljava/lang/Object;)Ljava/lang/Object;+59 java.base@17.0.2
j  javax.swing.UIDefaults.getUI(Ljavax/swing/JComponent;)Ljavax/swing/plaf/ComponentUI;+125 java.desktop@17.0.2
j  javax.swing.UIManager.getUI(Ljavax/swing/JComponent;)Ljavax/swing/plaf/ComponentUI;+37 java.desktop@17.0.2
j  javax.swing.JLabel.updateUI()V+2 java.desktop@17.0.2
j  javax.swing.JLabel.<init>(Ljava/lang/String;Ljavax/swing/Icon;I)V+83 java.desktop@17.0.2
j  javax.swing.JLabel.<init>()V+6 java.desktop@17.0.2
j  main.Login.initComponents()V+49
j  main.Login.<init>()V+5
j  main.Login$3.run()V+4
j  java.awt.event.InvocationEvent.dispatch()V+47 java.desktop@17.0.2
j  java.awt.EventQueue.dispatchEventImpl(Ljava/awt/AWTEvent;Ljava/lang/Object;)V+21 java.desktop@17.0.2
j  java.awt.EventQueue$4.run()Ljava/lang/Void;+32 java.desktop@17.0.2
j  java.awt.EventQueue$4.run()Ljava/lang/Object;+1 java.desktop@17.0.2
J 728 c1 java.security.AccessController.executePrivileged(Ljava/security/PrivilegedAction;Ljava/security/AccessControlContext;Ljava/lang/Class;)Ljava/lang/Object; java.base@17.0.2 (65 bytes) @ 0x0000024711a70c3c [0x0000024711a70ae0+0x000000000000015c]
j  java.security.AccessController.doPrivileged(Ljava/security/PrivilegedAction;Ljava/security/AccessControlContext;)Ljava/lang/Object;+13 java.base@17.0.2
j  java.security.ProtectionDomain$JavaSecurityAccessImpl.doIntersectionPrivilege(Ljava/security/PrivilegedAction;Ljava/security/AccessControlContext;Ljava/security/AccessControlContext;)Ljava/lang/Object;+18 java.base@17.0.2
j  java.awt.EventQueue.dispatchEvent(Ljava/awt/AWTEvent;)V+46 java.desktop@17.0.2
j  java.awt.EventDispatchThread.pumpOneEventForFilters(I)V+78 java.desktop@17.0.2
j  java.awt.EventDispatchThread.pumpEventsForFilter(ILjava/awt/Conditional;Ljava/awt/EventFilter;)V+35 java.desktop@17.0.2
j  java.awt.EventDispatchThread.pumpEventsForHierarchy(ILjava/awt/Conditional;Ljava/awt/Component;)V+11 java.desktop@17.0.2
j  java.awt.EventDispatchThread.pumpEvents(ILjava/awt/Conditional;)V+4 java.desktop@17.0.2
j  java.awt.EventDispatchThread.pumpEvents(Ljava/awt/Conditional;)V+3 java.desktop@17.0.2
j  java.awt.EventDispatchThread.run()V+9 java.desktop@17.0.2
v  ~StubRoutines::call_stub

---------------  P R O C E S S  ---------------

Threads class SMR info:
_java_thread_list=0x000002472797b800, length=19, elements={
0x000002472695a250, 0x000002472695b0c0, 0x0000024726974310, 0x0000024726975ed0,
0x0000024726978c90, 0x0000024726979640, 0x000002472697d820, 0x0000024726986220,
0x0000024726988c20, 0x0000024727454410, 0x00000247275196a0, 0x000002472755e9a0,
0x00000247279b29a0, 0x00000247279a7150, 0x000002472797c550, 0x00000247279a5260,
0x00000247277cb5a0, 0x0000024727dd5510, 0x0000024727dd76c0
}

Java Threads: ( => current thread )
  0x000002472695a250 JavaThread "Reference Handler" daemon [_thread_blocked, id=26760, stack(0x00000066b8500000,0x00000066b8600000)]
  0x000002472695b0c0 JavaThread "Finalizer" daemon [_thread_blocked, id=3804, stack(0x00000066b8600000,0x00000066b8700000)]
  0x0000024726974310 JavaThread "Signal Dispatcher" daemon [_thread_blocked, id=24088, stack(0x00000066b8700000,0x00000066b8800000)]
  0x0000024726975ed0 JavaThread "Attach Listener" daemon [_thread_blocked, id=4452, stack(0x00000066b8800000,0x00000066b8900000)]
  0x0000024726978c90 JavaThread "Service Thread" daemon [_thread_blocked, id=17800, stack(0x00000066b8900000,0x00000066b8a00000)]
  0x0000024726979640 JavaThread "Monitor Deflation Thread" daemon [_thread_blocked, id=27112, stack(0x00000066b8a00000,0x00000066b8b00000)]
  0x000002472697d820 JavaThread "C2 CompilerThread0" daemon [_thread_blocked, id=24120, stack(0x00000066b8b00000,0x00000066b8c00000)]
  0x0000024726986220 JavaThread "C1 CompilerThread0" daemon [_thread_blocked, id=8236, stack(0x00000066b8c00000,0x00000066b8d00000)]
  0x0000024726988c20 JavaThread "Sweeper thread" daemon [_thread_blocked, id=22352, stack(0x00000066b8d00000,0x00000066b8e00000)]
  0x0000024727454410 JavaThread "Common-Cleaner" daemon [_thread_blocked, id=20132, stack(0x00000066b8e00000,0x00000066b8f00000)]
  0x00000247275196a0 JavaThread "Thread-0" daemon [_thread_in_vm, id=25200, stack(0x00000066b8f00000,0x00000066b9000000)]
  0x000002472755e9a0 JavaThread "Notification Thread" daemon [_thread_blocked, id=7740, stack(0x00000066b9000000,0x00000066b9100000)]
  0x00000247279b29a0 JavaThread "Java2D Disposer" daemon [_thread_blocked, id=20400, stack(0x00000066b9200000,0x00000066b9300000)]
  0x00000247279a7150 JavaThread "AWT-Shutdown" [_thread_blocked, id=16204, stack(0x00000066b9300000,0x00000066b9400000)]
  0x000002472797c550 JavaThread "AWT-Windows" daemon [_thread_in_native, id=6900, stack(0x00000066b9400000,0x00000066b9500000)]
  0x00000247279a5260 JavaThread "Thread-1" daemon [_thread_blocked, id=23352, stack(0x00000066b9500000,0x00000066b9600000)]
=>0x00000247277cb5a0 JavaThread "AWT-EventQueue-0" [_thread_in_vm, id=3176, stack(0x00000066b9600000,0x00000066b9700000)]
  0x0000024727dd5510 JavaThread "DestroyJavaVM" [_thread_blocked, id=13012, stack(0x00000066b7e00000,0x00000066b7f00000)]
  0x0000024727dd76c0 JavaThread "Image Fetcher 0" daemon [_thread_blocked, id=15628, stack(0x00000066b9700000,0x00000066b9800000)]

Other Threads:
  0x0000024726954250 VMThread "VM Thread" [stack: 0x00000066b8400000,0x00000066b8500000] [id=25796]
  0x000002472754f670 WatcherThread [stack: 0x00000066b9100000,0x00000066b9200000] [id=10232]
  0x0000024709bad2a0 GCTaskThread "GC Thread#0" [stack: 0x00000066b7f00000,0x00000066b8000000] [id=26248]
  0x0000024709bbb030 ConcurrentGCThread "G1 Main Marker" [stack: 0x00000066b8000000,0x00000066b8100000] [id=27396]
  0x0000024709bbba40 ConcurrentGCThread "G1 Conc#0" [stack: 0x00000066b8100000,0x00000066b8200000] [id=10900]
  0x0000024709c31af0 ConcurrentGCThread "G1 Refine#0" [stack: 0x00000066b8200000,0x00000066b8300000] [id=22452]
  0x0000024709c32510 ConcurrentGCThread "G1 Service" [stack: 0x00000066b8300000,0x00000066b8400000] [id=26664]

Threads with active compile tasks:

VM state: not at safepoint (normal execution)

VM Mutex/Monitor currently owned by a thread:  ([mutex/lock_event])
[0x0000024709b6f1e0] Metaspace_lock - owner thread: 0x00000247277cb5a0

Heap address: 0x00000000a0e00000, size: 1522 MB, Compressed Oops mode: 32-bit

CDS archive(s) mapped at: [0x0000000800000000-0x0000000800bc0000-0x0000000800bc0000), size 12320768, SharedBaseAddress: 0x0000000800000000, ArchiveRelocationMode: 0.
Compressed class space mapped at: 0x0000000800c00000-0x0000000840c00000, reserved size: 1073741824
Narrow klass base: 0x0000000800000000, Narrow klass shift: 0, Narrow klass range: 0x100000000

GC Precious Log:
 CPUs: 8 total, 8 available
 Memory: 6081M
 Large Page Support: Disabled
 NUMA Support: Disabled
 Compressed Oops: Enabled (32-bit)
 Heap Region Size: 1M
 Heap Min Capacity: 8M
 Heap Initial Capacity: 96M
 Heap Max Capacity: 1522M
 Pre-touch: Disabled
 Parallel Workers: 8
 Concurrent Workers: 2
 Concurrent Refinement Workers: 8
 Periodic GC: Disabled

Heap:
 garbage-first heap   total 98304K, used 22528K [0x00000000a0e00000, 0x0000000100000000)
  region size 1024K, 20 young (20480K), 0 survivors (0K)
 Metaspace       used 11799K, committed 11968K, reserved 1064960K
  class space    used 1388K, committed 1472K, reserved 1048576K

Heap Regions: E=young(eden), S=young(survivor), O=old, HS=humongous(starts), HC=humongous(continues), CS=collection set, F=free, OA=open archive, CA=closed archive, TAMS=top-at-mark-start (previous, next)
|   0|0x00000000a0e00000, 0x00000000a0f00000, 0x00000000a0f00000|100%|HS|  |TAMS 0x00000000a0e00000, 0x00000000a0e00000| Complete 
|   1|0x00000000a0f00000, 0x00000000a1000000, 0x00000000a1000000|100%|HC|  |TAMS 0x00000000a0f00000, 0x00000000a0f00000| Complete 
|   2|0x00000000a1000000, 0x00000000a1100000, 0x00000000a1100000|100%|HC|  |TAMS 0x00000000a1000000, 0x00000000a1000000| Complete 
|   3|0x00000000a1100000, 0x00000000a1200000, 0x00000000a1200000|100%|HC|  |TAMS 0x00000000a1100000, 0x00000000a1100000| Complete 
|   4|0x00000000a1200000, 0x00000000a1200000, 0x00000000a1300000|  0%| F|  |TAMS 0x00000000a1200000, 0x00000000a1200000| Untracked 
|   5|0x00000000a1300000, 0x00000000a1300000, 0x00000000a1400000|  0%| F|  |TAMS 0x00000000a1300000, 0x00000000a1300000| Untracked 
|   6|0x00000000a1400000, 0x00000000a1400000, 0x00000000a1500000|  0%| F|  |TAMS 0x00000000a1400000, 0x00000000a1400000| Untracked 
|   7|0x00000000a1500000, 0x00000000a1500000, 0x00000000a1600000|  0%| F|  |TAMS 0x00000000a1500000, 0x00000000a1500000| Untracked 
|   8|0x00000000a1600000, 0x00000000a1600000, 0x00000000a1700000|  0%| F|  |TAMS 0x00000000a1600000, 0x00000000a1600000| Untracked 
|   9|0x00000000a1700000, 0x00000000a1700000, 0x00000000a1800000|  0%| F|  |TAMS 0x00000000a1700000, 0x00000000a1700000| Untracked 
|  10|0x00000000a1800000, 0x00000000a1800000, 0x00000000a1900000|  0%| F|  |TAMS 0x00000000a1800000, 0x00000000a1800000| Untracked 
|  11|0x00000000a1900000, 0x00000000a1900000, 0x00000000a1a00000|  0%| F|  |TAMS 0x00000000a1900000, 0x00000000a1900000| Untracked 
|  12|0x00000000a1a00000, 0x00000000a1a00000, 0x00000000a1b00000|  0%| F|  |TAMS 0x00000000a1a00000, 0x00000000a1a00000| Untracked 
|  13|0x00000000a1b00000, 0x00000000a1b00000, 0x00000000a1c00000|  0%| F|  |TAMS 0x00000000a1b00000, 0x00000000a1b00000| Untracked 
|  14|0x00000000a1c00000, 0x00000000a1c00000, 0x00000000a1d00000|  0%| F|  |TAMS 0x00000000a1c00000, 0x00000000a1c00000| Untracked 
|  15|0x00000000a1d00000, 0x00000000a1d00000, 0x00000000a1e00000|  0%| F|  |TAMS 0x00000000a1d00000, 0x00000000a1d00000| Untracked 
|  16|0x00000000a1e00000, 0x00000000a1e00000, 0x00000000a1f00000|  0%| F|  |TAMS 0x00000000a1e00000, 0x00000000a1e00000| Untracked 
|  17|0x00000000a1f00000, 0x00000000a1f00000, 0x00000000a2000000|  0%| F|  |TAMS 0x00000000a1f00000, 0x00000000a1f00000| Untracked 
|  18|0x00000000a2000000, 0x00000000a2000000, 0x00000000a2100000|  0%| F|  |TAMS 0x00000000a2000000, 0x00000000a2000000| Untracked 
|  19|0x00000000a2100000, 0x00000000a2100000, 0x00000000a2200000|  0%| F|  |TAMS 0x00000000a2100000, 0x00000000a2100000| Untracked 
|  20|0x00000000a2200000, 0x00000000a2200000, 0x00000000a2300000|  0%| F|  |TAMS 0x00000000a2200000, 0x00000000a2200000| Untracked 
|  21|0x00000000a2300000, 0x00000000a2300000, 0x00000000a2400000|  0%| F|  |TAMS 0x00000000a2300000, 0x00000000a2300000| Untracked 
|  22|0x00000000a2400000, 0x00000000a2400000, 0x00000000a2500000|  0%| F|  |TAMS 0x00000000a2400000, 0x00000000a2400000| Untracked 
|  23|0x00000000a2500000, 0x00000000a2500000, 0x00000000a2600000|  0%| F|  |TAMS 0x00000000a2500000, 0x00000000a2500000| Untracked 
|  24|0x00000000a2600000, 0x00000000a2600000, 0x00000000a2700000|  0%| F|  |TAMS 0x00000000a2600000, 0x00000000a2600000| Untracked 
|  25|0x00000000a2700000, 0x00000000a2700000, 0x00000000a2800000|  0%| F|  |TAMS 0x00000000a2700000, 0x00000000a2700000| Untracked 
|  26|0x00000000a2800000, 0x00000000a2800000, 0x00000000a2900000|  0%| F|  |TAMS 0x00000000a2800000, 0x00000000a2800000| Untracked 
|  27|0x00000000a2900000, 0x00000000a2900000, 0x00000000a2a00000|  0%| F|  |TAMS 0x00000000a2900000, 0x00000000a2900000| Untracked 
|  28|0x00000000a2a00000, 0x00000000a2a00000, 0x00000000a2b00000|  0%| F|  |TAMS 0x00000000a2a00000, 0x00000000a2a00000| Untracked 
|  29|0x00000000a2b00000, 0x00000000a2b00000, 0x00000000a2c00000|  0%| F|  |TAMS 0x00000000a2b00000, 0x00000000a2b00000| Untracked 
|  30|0x00000000a2c00000, 0x00000000a2c00000, 0x00000000a2d00000|  0%| F|  |TAMS 0x00000000a2c00000, 0x00000000a2c00000| Untracked 
|  31|0x00000000a2d00000, 0x00000000a2d00000, 0x00000000a2e00000|  0%| F|  |TAMS 0x00000000a2d00000, 0x00000000a2d00000| Untracked 
|  32|0x00000000a2e00000, 0x00000000a2e00000, 0x00000000a2f00000|  0%| F|  |TAMS 0x00000000a2e00000, 0x00000000a2e00000| Untracked 
|  33|0x00000000a2f00000, 0x00000000a2f00000, 0x00000000a3000000|  0%| F|  |TAMS 0x00000000a2f00000, 0x00000000a2f00000| Untracked 
|  34|0x00000000a3000000, 0x00000000a3000000, 0x00000000a3100000|  0%| F|  |TAMS 0x00000000a3000000, 0x00000000a3000000| Untracked 
|  35|0x00000000a3100000, 0x00000000a3100000, 0x00000000a3200000|  0%| F|  |TAMS 0x00000000a3100000, 0x00000000a3100000| Untracked 
|  36|0x00000000a3200000, 0x00000000a3200000, 0x00000000a3300000|  0%| F|  |TAMS 0x00000000a3200000, 0x00000000a3200000| Untracked 
|  37|0x00000000a3300000, 0x00000000a3300000, 0x00000000a3400000|  0%| F|  |TAMS 0x00000000a3300000, 0x00000000a3300000| Untracked 
|  38|0x00000000a3400000, 0x00000000a3400000, 0x00000000a3500000|  0%| F|  |TAMS 0x00000000a3400000, 0x00000000a3400000| Untracked 
|  39|0x00000000a3500000, 0x00000000a3500000, 0x00000000a3600000|  0%| F|  |TAMS 0x00000000a3500000, 0x00000000a3500000| Untracked 
|  40|0x00000000a3600000, 0x00000000a3600000, 0x00000000a3700000|  0%| F|  |TAMS 0x00000000a3600000, 0x00000000a3600000| Untracked 
|  41|0x00000000a3700000, 0x00000000a3700000, 0x00000000a3800000|  0%| F|  |TAMS 0x00000000a3700000, 0x00000000a3700000| Untracked 
|  42|0x00000000a3800000, 0x00000000a3800000, 0x00000000a3900000|  0%| F|  |TAMS 0x00000000a3800000, 0x00000000a3800000| Untracked 
|  43|0x00000000a3900000, 0x00000000a3900000, 0x00000000a3a00000|  0%| F|  |TAMS 0x00000000a3900000, 0x00000000a3900000| Untracked 
|  44|0x00000000a3a00000, 0x00000000a3a00000, 0x00000000a3b00000|  0%| F|  |TAMS 0x00000000a3a00000, 0x00000000a3a00000| Untracked 
|  45|0x00000000a3b00000, 0x00000000a3b00000, 0x00000000a3c00000|  0%| F|  |TAMS 0x00000000a3b00000, 0x00000000a3b00000| Untracked 
|  46|0x00000000a3c00000, 0x00000000a3c00000, 0x00000000a3d00000|  0%| F|  |TAMS 0x00000000a3c00000, 0x00000000a3c00000| Untracked 
|  47|0x00000000a3d00000, 0x00000000a3d00000, 0x00000000a3e00000|  0%| F|  |TAMS 0x00000000a3d00000, 0x00000000a3d00000| Untracked 
|  48|0x00000000a3e00000, 0x00000000a3e00000, 0x00000000a3f00000|  0%| F|  |TAMS 0x00000000a3e00000, 0x00000000a3e00000| Untracked 
|  49|0x00000000a3f00000, 0x00000000a3f00000, 0x00000000a4000000|  0%| F|  |TAMS 0x00000000a3f00000, 0x00000000a3f00000| Untracked 
|  50|0x00000000a4000000, 0x00000000a4000000, 0x00000000a4100000|  0%| F|  |TAMS 0x00000000a4000000, 0x00000000a4000000| Untracked 
|  51|0x00000000a4100000, 0x00000000a4100000, 0x00000000a4200000|  0%| F|  |TAMS 0x00000000a4100000, 0x00000000a4100000| Untracked 
|  52|0x00000000a4200000, 0x00000000a4200000, 0x00000000a4300000|  0%| F|  |TAMS 0x00000000a4200000, 0x00000000a4200000| Untracked 
|  53|0x00000000a4300000, 0x00000000a4300000, 0x00000000a4400000|  0%| F|  |TAMS 0x00000000a4300000, 0x00000000a4300000| Untracked 
|  54|0x00000000a4400000, 0x00000000a4400000, 0x00000000a4500000|  0%| F|  |TAMS 0x00000000a4400000, 0x00000000a4400000| Untracked 
|  55|0x00000000a4500000, 0x00000000a4500000, 0x00000000a4600000|  0%| F|  |TAMS 0x00000000a4500000, 0x00000000a4500000| Untracked 
|  56|0x00000000a4600000, 0x00000000a4600000, 0x00000000a4700000|  0%| F|  |TAMS 0x00000000a4600000, 0x00000000a4600000| Untracked 
|  57|0x00000000a4700000, 0x00000000a4700000, 0x00000000a4800000|  0%| F|  |TAMS 0x00000000a4700000, 0x00000000a4700000| Untracked 
|  58|0x00000000a4800000, 0x00000000a4800000, 0x00000000a4900000|  0%| F|  |TAMS 0x00000000a4800000, 0x00000000a4800000| Untracked 
|  59|0x00000000a4900000, 0x00000000a4900000, 0x00000000a4a00000|  0%| F|  |TAMS 0x00000000a4900000, 0x00000000a4900000| Untracked 
|  60|0x00000000a4a00000, 0x00000000a4a00000, 0x00000000a4b00000|  0%| F|  |TAMS 0x00000000a4a00000, 0x00000000a4a00000| Untracked 
|  61|0x00000000a4b00000, 0x00000000a4b00000, 0x00000000a4c00000|  0%| F|  |TAMS 0x00000000a4b00000, 0x00000000a4b00000| Untracked 
|  62|0x00000000a4c00000, 0x00000000a4c00000, 0x00000000a4d00000|  0%| F|  |TAMS 0x00000000a4c00000, 0x00000000a4c00000| Untracked 
|  63|0x00000000a4d00000, 0x00000000a4d00000, 0x00000000a4e00000|  0%| F|  |TAMS 0x00000000a4d00000, 0x00000000a4d00000| Untracked 
|  64|0x00000000a4e00000, 0x00000000a4e00000, 0x00000000a4f00000|  0%| F|  |TAMS 0x00000000a4e00000, 0x00000000a4e00000| Untracked 
|  65|0x00000000a4f00000, 0x00000000a4f00000, 0x00000000a5000000|  0%| F|  |TAMS 0x00000000a4f00000, 0x00000000a4f00000| Untracked 
|  66|0x00000000a5000000, 0x00000000a5000000, 0x00000000a5100000|  0%| F|  |TAMS 0x00000000a5000000, 0x00000000a5000000| Untracked 
|  67|0x00000000a5100000, 0x00000000a5100000, 0x00000000a5200000|  0%| F|  |TAMS 0x00000000a5100000, 0x00000000a5100000| Untracked 
|  68|0x00000000a5200000, 0x00000000a5200000, 0x00000000a5300000|  0%| F|  |TAMS 0x00000000a5200000, 0x00000000a5200000| Untracked 
|  69|0x00000000a5300000, 0x00000000a5300000, 0x00000000a5400000|  0%| F|  |TAMS 0x00000000a5300000, 0x00000000a5300000| Untracked 
|  70|0x00000000a5400000, 0x00000000a5400000, 0x00000000a5500000|  0%| F|  |TAMS 0x00000000a5400000, 0x00000000a5400000| Untracked 
|  71|0x00000000a5500000, 0x00000000a5500000, 0x00000000a5600000|  0%| F|  |TAMS 0x00000000a5500000, 0x00000000a5500000| Untracked 
|  72|0x00000000a5600000, 0x00000000a5600000, 0x00000000a5700000|  0%| F|  |TAMS 0x00000000a5600000, 0x00000000a5600000| Untracked 
|  73|0x00000000a5700000, 0x00000000a5700000, 0x00000000a5800000|  0%| F|  |TAMS 0x00000000a5700000, 0x00000000a5700000| Untracked 
|  74|0x00000000a5800000, 0x00000000a5800000, 0x00000000a5900000|  0%| F|  |TAMS 0x00000000a5800000, 0x00000000a5800000| Untracked 
|  75|0x00000000a5900000, 0x00000000a5900000, 0x00000000a5a00000|  0%| F|  |TAMS 0x00000000a5900000, 0x00000000a5900000| Untracked 
|  76|0x00000000a5a00000, 0x00000000a5aecd08, 0x00000000a5b00000| 92%| E|  |TAMS 0x00000000a5a00000, 0x00000000a5a00000| Complete 
|  77|0x00000000a5b00000, 0x00000000a5c00000, 0x00000000a5c00000|100%| E|CS|TAMS 0x00000000a5b00000, 0x00000000a5b00000| Complete 
|  78|0x00000000a5c00000, 0x00000000a5d00000, 0x00000000a5d00000|100%| E|CS|TAMS 0x00000000a5c00000, 0x00000000a5c00000| Complete 
|  79|0x00000000a5d00000, 0x00000000a5e00000, 0x00000000a5e00000|100%| E|CS|TAMS 0x00000000a5d00000, 0x00000000a5d00000| Complete 
|  80|0x00000000a5e00000, 0x00000000a5f00000, 0x00000000a5f00000|100%| E|CS|TAMS 0x00000000a5e00000, 0x00000000a5e00000| Complete 
|  81|0x00000000a5f00000, 0x00000000a6000000, 0x00000000a6000000|100%| E|CS|TAMS 0x00000000a5f00000, 0x00000000a5f00000| Complete 
|  82|0x00000000a6000000, 0x00000000a6100000, 0x00000000a6100000|100%| E|CS|TAMS 0x00000000a6000000, 0x00000000a6000000| Complete 
|  83|0x00000000a6100000, 0x00000000a6200000, 0x00000000a6200000|100%| E|CS|TAMS 0x00000000a6100000, 0x00000000a6100000| Complete 
|  84|0x00000000a6200000, 0x00000000a6300000, 0x00000000a6300000|100%| E|CS|TAMS 0x00000000a6200000, 0x00000000a6200000| Complete 
|  85|0x00000000a6300000, 0x00000000a6400000, 0x00000000a6400000|100%| E|CS|TAMS 0x00000000a6300000, 0x00000000a6300000| Complete 
|  86|0x00000000a6400000, 0x00000000a6500000, 0x00000000a6500000|100%| E|CS|TAMS 0x00000000a6400000, 0x00000000a6400000| Complete 
|  87|0x00000000a6500000, 0x00000000a6600000, 0x00000000a6600000|100%| E|CS|TAMS 0x00000000a6500000, 0x00000000a6500000| Complete 
|  88|0x00000000a6600000, 0x00000000a6700000, 0x00000000a6700000|100%| E|CS|TAMS 0x00000000a6600000, 0x00000000a6600000| Complete 
|  89|0x00000000a6700000, 0x00000000a6800000, 0x00000000a6800000|100%| E|CS|TAMS 0x00000000a6700000, 0x00000000a6700000| Complete 
|  90|0x00000000a6800000, 0x00000000a6900000, 0x00000000a6900000|100%| E|CS|TAMS 0x00000000a6800000, 0x00000000a6800000| Complete 
|  91|0x00000000a6900000, 0x00000000a6a00000, 0x00000000a6a00000|100%| E|CS|TAMS 0x00000000a6900000, 0x00000000a6900000| Complete 
|  92|0x00000000a6a00000, 0x00000000a6b00000, 0x00000000a6b00000|100%| E|  |TAMS 0x00000000a6a00000, 0x00000000a6a00000| Complete 
|  93|0x00000000a6b00000, 0x00000000a6c00000, 0x00000000a6c00000|100%| E|CS|TAMS 0x00000000a6b00000, 0x00000000a6b00000| Complete 
|  94|0x00000000a6c00000, 0x00000000a6d00000, 0x00000000a6d00000|100%| E|CS|TAMS 0x00000000a6c00000, 0x00000000a6c00000| Complete 
|  95|0x00000000a6d00000, 0x00000000a6e00000, 0x00000000a6e00000|100%| E|CS|TAMS 0x00000000a6d00000, 0x00000000a6d00000| Complete 

Card table byte_map: [0x0000024720a00000,0x0000024720d00000] _byte_map_base: 0x00000247204f9000

Marking Bits (Prev, Next): (CMBitMap*) 0x0000024709bae8c0, (CMBitMap*) 0x0000024709bae900
 Prev Bits: [0x0000024721000000, 0x00000247227c8000)
 Next Bits: [0x00000247227d0000, 0x0000024723f98000)

Polling page: 0x0000024709350000

Metaspace:

Usage:
  Non-class:     10.17 MB used.
      Class:      1.36 MB used.
       Both:     11.52 MB used.

Virtual space:
  Non-class space:       16.00 MB reserved,      10.25 MB ( 64%) committed,  2 nodes.
      Class space:        1.00 GB reserved,       1.44 MB ( <1%) committed,  1 nodes.
             Both:        1.02 GB reserved,      11.69 MB (  1%) committed. 

Chunk freelists:
   Non-Class:  976.00 KB
       Class:  2.58 MB
        Both:  3.54 MB

MaxMetaspaceSize: unlimited
CompressedClassSpaceSize: 1.00 GB
Initial GC threshold: 21.00 MB
Current GC threshold: 21.00 MB
CDS: on
MetaspaceReclaimPolicy: balanced
 - commit_granule_bytes: 65536.
 - commit_granule_words: 8192.
 - virtual_space_node_default_size: 1048576.
 - enlarge_chunks_in_place: 1.
 - new_chunks_are_fully_committed: 0.
 - uncommit_free_chunks: 1.
 - use_allocation_guard: 0.
 - handle_deallocations: 1.


Internal statistics:

num_allocs_failed_limit: 0.
num_arena_births: 140.
num_arena_deaths: 0.
num_vsnodes_births: 3.
num_vsnodes_deaths: 0.
num_space_committed: 187.
num_space_uncommitted: 0.
num_chunks_returned_to_freelist: 0.
num_chunks_taken_from_freelist: 247.
num_chunk_merges: 0.
num_chunk_splits: 130.
num_chunks_enlarged: 55.
num_purges: 0.
num_inconsistent_stats: 0.

CodeHeap 'non-profiled nmethods': size=120000Kb used=382Kb max_used=382Kb free=119617Kb
 bounds [0x0000024718ea0000, 0x0000024719110000, 0x00000247203d0000]
CodeHeap 'profiled nmethods': size=120000Kb used=1926Kb max_used=1926Kb free=118073Kb
 bounds [0x0000024711970000, 0x0000024711be0000, 0x0000024718ea0000]
CodeHeap 'non-nmethods': size=5760Kb used=1272Kb max_used=1286Kb free=4487Kb
 bounds [0x00000247113d0000, 0x0000024711640000, 0x0000024711970000]
 total_blobs=1783 nmethods=1188 adapters=508
 compilation: enabled
              stopped_count=0, restarted_count=0
 full_count=0

Compilation events (20 events):
Event: 0.987 Thread 0x0000024726986220 1179       3       javax.swing.UIManager::getLookAndFeel (10 bytes)
Event: 0.988 Thread 0x0000024726986220 nmethod 1179 0x0000024711b4ca90 code [0x0000024711b4cc40, 0x0000024711b4cd78]
Event: 0.988 Thread 0x0000024726986220 1182       3       javax.swing.UIDefaults::get (21 bytes)
Event: 0.988 Thread 0x0000024726986220 nmethod 1182 0x0000024711b4ce90 code [0x0000024711b4d040, 0x0000024711b4d238]
Event: 0.988 Thread 0x0000024726986220 1180       3       java.awt.Color::<init> (33 bytes)
Event: 0.988 Thread 0x0000024726986220 nmethod 1180 0x0000024711b4d310 code [0x0000024711b4d4a0, 0x0000024711b4d6b8]
Event: 0.988 Thread 0x0000024726986220 1183   !   3       javax.swing.UIDefaults::getFromHashtable (239 bytes)
Event: 0.989 Thread 0x0000024726986220 nmethod 1183 0x0000024711b4d790 code [0x0000024711b4daa0, 0x0000024711b4ef88]
Event: 0.989 Thread 0x0000024726986220 1185       3       java.util.StringTokenizer::setMaxDelimCodePoint (156 bytes)
Event: 0.990 Thread 0x0000024726986220 nmethod 1185 0x0000024711b4f510 code [0x0000024711b4f780, 0x0000024711b504b8]
Event: 0.990 Thread 0x0000024726986220 1187       3       javax.swing.ArrayTable::isArray (8 bytes)
Event: 0.991 Thread 0x0000024726986220 nmethod 1187 0x0000024711b50990 code [0x0000024711b50b20, 0x0000024711b50d38]
Event: 0.991 Thread 0x0000024726986220 1184       3       java.util.StringTokenizer::<init> (52 bytes)
Event: 0.991 Thread 0x0000024726986220 nmethod 1184 0x0000024711b50e10 code [0x0000024711b50fe0, 0x0000024711b51348]
Event: 0.991 Thread 0x0000024726986220 1186       3       java.util.StringTokenizer::<init> (8 bytes)
Event: 0.991 Thread 0x0000024726986220 nmethod 1186 0x0000024711b51510 code [0x0000024711b516a0, 0x0000024711b517e8]
Event: 0.991 Thread 0x0000024726986220 1188  s    1       java.util.Hashtable::size (5 bytes)
Event: 0.991 Thread 0x0000024726986220 nmethod 1188 0x0000024718eff390 code [0x0000024718eff520, 0x0000024718eff698]
Event: 0.991 Thread 0x0000024726986220 1181       1       java.awt.Component::getObjectLock (5 bytes)
Event: 0.991 Thread 0x0000024726986220 nmethod 1181 0x0000024718eff710 code [0x0000024718eff8a0, 0x0000024718eff978]

GC Heap History (0 events):
No events

Deoptimization events (20 events):
Event: 0.663 Thread 0x0000024709b76840 Uncommon trap: trap_request=0xffffffde fr.pc=0x0000024718ee8810 relative=0x0000000000001270
Event: 0.663 Thread 0x0000024709b76840 Uncommon trap: reason=class_check action=maybe_recompile pc=0x0000024718ee8810 method=java.util.HashMap.putVal(ILjava/lang/Object;Ljava/lang/Object;ZZ)Ljava/lang/Object; @ 91 c2
Event: 0.663 Thread 0x0000024709b76840 DEOPT PACKING pc=0x0000024718ee8810 sp=0x00000066b7efed00
Event: 0.663 Thread 0x0000024709b76840 DEOPT UNPACKING pc=0x00000247114223a3 sp=0x00000066b7efec58 mode 2
Event: 0.663 Thread 0x0000024709b76840 Uncommon trap: trap_request=0xffffffde fr.pc=0x0000024718ee8810 relative=0x0000000000001270
Event: 0.663 Thread 0x0000024709b76840 Uncommon trap: reason=class_check action=maybe_recompile pc=0x0000024718ee8810 method=java.util.HashMap.putVal(ILjava/lang/Object;Ljava/lang/Object;ZZ)Ljava/lang/Object; @ 91 c2
Event: 0.663 Thread 0x0000024709b76840 DEOPT PACKING pc=0x0000024718ee8810 sp=0x00000066b7efed90
Event: 0.663 Thread 0x0000024709b76840 DEOPT UNPACKING pc=0x00000247114223a3 sp=0x00000066b7efece8 mode 2
Event: 0.788 Thread 0x00000247275196a0 Uncommon trap: trap_request=0xffffff45 fr.pc=0x0000024718ee02c4 relative=0x00000000000004a4
Event: 0.788 Thread 0x00000247275196a0 Uncommon trap: reason=unstable_if action=reinterpret pc=0x0000024718ee02c4 method=java.lang.String.substring(II)Ljava/lang/String; @ 31 c2
Event: 0.788 Thread 0x00000247275196a0 DEOPT PACKING pc=0x0000024718ee02c4 sp=0x00000066b8ffd270
Event: 0.788 Thread 0x00000247275196a0 DEOPT UNPACKING pc=0x00000247114223a3 sp=0x00000066b8ffd228 mode 2
Event: 0.820 Thread 0x0000024727dd76c0 Uncommon trap: trap_request=0xffffff45 fr.pc=0x0000024718edda48 relative=0x0000000000000988
Event: 0.820 Thread 0x0000024727dd76c0 Uncommon trap: reason=unstable_if action=reinterpret pc=0x0000024718edda48 method=java.lang.AbstractStringBuilder.append(Ljava/lang/String;)Ljava/lang/AbstractStringBuilder; @ 1 c2
Event: 0.820 Thread 0x0000024727dd76c0 DEOPT PACKING pc=0x0000024718edda48 sp=0x00000066b97fe060
Event: 0.820 Thread 0x0000024727dd76c0 DEOPT UNPACKING pc=0x00000247114223a3 sp=0x00000066b97fdff0 mode 2
Event: 0.820 Thread 0x0000024727dd76c0 Uncommon trap: trap_request=0xffffff45 fr.pc=0x0000024718edaeb8 relative=0x0000000000000978
Event: 0.820 Thread 0x0000024727dd76c0 Uncommon trap: reason=unstable_if action=reinterpret pc=0x0000024718edaeb8 method=java.lang.AbstractStringBuilder.append(Ljava/lang/String;)Ljava/lang/AbstractStringBuilder; @ 1 c2
Event: 0.820 Thread 0x0000024727dd76c0 DEOPT PACKING pc=0x0000024718edaeb8 sp=0x00000066b97fe000
Event: 0.820 Thread 0x0000024727dd76c0 DEOPT UNPACKING pc=0x00000247114223a3 sp=0x00000066b97fdfe8 mode 2

Classes unloaded (0 events):
No events

Classes redefined (0 events):
No events

Internal exceptions (20 events):
Event: 0.636 Thread 0x0000024709b76840 Exception <a 'java/lang/ClassNotFoundException'{0x00000000a631c0f8}: ToolBarSeparator> (0x00000000a631c0f8) 
thrown [t:\workspace\open\src\hotspot\share\classfile\systemDictionary.cpp, line 256]
Event: 0.637 Thread 0x0000024709b76840 Exception <a 'java/lang/ClassNotFoundException'{0x00000000a631c610}: ToolTip> (0x00000000a631c610) 
thrown [t:\workspace\open\src\hotspot\share\classfile\systemDictionary.cpp, line 256]
Event: 0.639 Thread 0x0000024709b76840 Exception <a 'java/lang/ClassNotFoundException'{0x00000000a631cf60}: Tree> (0x00000000a631cf60) 
thrown [t:\workspace\open\src\hotspot\share\classfile\systemDictionary.cpp, line 256]
Event: 0.639 Thread 0x0000024709b76840 Exception <a 'java/lang/ClassNotFoundException'{0x00000000a631d458}: Tree> (0x00000000a631d458) 
thrown [t:\workspace\open\src\hotspot\share\classfile\systemDictionary.cpp, line 256]
Event: 0.639 Thread 0x0000024709b76840 Exception <a 'java/lang/ClassNotFoundException'{0x00000000a631d7c8}: javax/swing/JTreeCell> (0x00000000a631d7c8) 
thrown [t:\workspace\open\src\hotspot\share\classfile\systemDictionary.cpp, line 256]
Event: 0.639 Thread 0x0000024709b76840 Exception <a 'java/lang/ClassNotFoundException'{0x00000000a631dac8}: TreeCell> (0x00000000a631dac8) 
thrown [t:\workspace\open\src\hotspot\share\classfile\systemDictionary.cpp, line 256]
Event: 0.640 Thread 0x0000024709b76840 Exception <a 'java/lang/ClassNotFoundException'{0x00000000a631e288}: RootPane> (0x00000000a631e288) 
thrown [t:\workspace\open\src\hotspot\share\classfile\systemDictionary.cpp, line 256]
Event: 0.644 Thread 0x0000024709b76840 Exception <a 'java/lang/ClassNotFoundException'{0x00000000a63210d8}: com/sun/swing/internal/plaf/metal/resources/spi/metalProvider> (0x00000000a63210d8) 
thrown [t:\workspace\open\src\hotspot\share\classfile\systemDictionary.cpp, line 256]
Event: 0.646 Thread 0x0000024709b76840 Exception <a 'java/lang/ClassNotFoundException'{0x00000000a6324ca8}: com/sun/swing/internal/plaf/basic/resources/spi/basicProvider> (0x00000000a6324ca8) 
thrown [t:\workspace\open\src\hotspot\share\classfile\systemDictionary.cpp, line 256]
Event: 0.692 Thread 0x00000247275196a0 Exception <a 'java/lang/NoSuchMethodError'{0x00000000a63ef8c8}: 'void java.lang.invoke.DirectMethodHandle$Holder.invokeStatic(java.lang.Object, long)'> (0x00000000a63ef8c8) 
thrown [t:\workspace\open\src\hotspot\share\interpreter\linkResolver.cpp, line 766]
Event: 0.693 Thread 0x00000247275196a0 Exception <a 'java/lang/NoSuchMethodError'{0x00000000a62771e0}: 'java.lang.Object java.lang.invoke.DirectMethodHandle$Holder.newInvokeSpecial(java.lang.Object, long)'> (0x00000000a62771e0) 
thrown [t:\workspace\open\src\hotspot\share\interpreter\linkResolver.cpp, line 766]
Event: 0.696 Thread 0x00000247275196a0 Exception <a 'java/lang/NoSuchMethodError'{0x00000000a62813e8}: 'java.lang.Object java.lang.invoke.DirectMethodHandle$Holder.invokeStaticInit(java.lang.Object, java.lang.Object, long, java.lang.Object)'> (0x00000000a62813e8) 
thrown [t:\workspace\open\src\hotspot\share\interpreter\linkResolver.cpp, line 766]
Event: 0.697 Thread 0x00000247275196a0 Exception <a 'java/lang/NoSuchMethodError'{0x00000000a6287968}: 'java.lang.Object java.lang.invoke.DirectMethodHandle$Holder.newInvokeSpecial(java.lang.Object, java.lang.Object, long)'> (0x00000000a6287968) 
thrown [t:\workspace\open\src\hotspot\share\interpreter\linkResolver.cpp, line 766]
Event: 0.698 Thread 0x00000247275196a0 Exception <a 'java/lang/NoSuchMethodError'{0x00000000a628b4d8}: 'java.lang.Object java.lang.invoke.Invokers$Holder.linkToTargetMethod(java.lang.Object, long, java.lang.Object)'> (0x00000000a628b4d8) 
thrown [t:\workspace\open\src\hotspot\share\interpreter\linkResolver.cpp, line 766]
Event: 0.775 Thread 0x00000247277cb5a0 Exception <a 'java/lang/ClassNotFoundException'{0x00000000a620a358}: com/sun/swing/internal/plaf/synth/resources/spi/synthProvider> (0x00000000a620a358) 
thrown [t:\workspace\open\src\hotspot\share\classfile\systemDictionary.cpp, line 256]
Event: 0.819 Thread 0x00000247275196a0 Exception <a 'java/lang/NoSuchMethodError'{0x00000000a618da70}: 'int java.lang.invoke.DirectMethodHandle$Holder.invokeSpecial(java.lang.Object, java.lang.Object, java.lang.Object)'> (0x00000000a618da70) 
thrown [t:\workspace\open\src\hotspot\share\interpreter\linkResolver.cpp, line 766]
Event: 0.820 Thread 0x0000024727dd76c0 Implicit null exception at 0x0000024718edd0f5 to 0x0000024718edda30
Event: 0.820 Thread 0x0000024727dd76c0 Implicit null exception at 0x0000024718eda574 to 0x0000024718edaea0
Event: 0.886 Thread 0x0000024727dd76c0 Exception <a 'java/lang/NoSuchMethodError'{0x00000000a5e54070}: 'java.lang.Object java.lang.invoke.DirectMethodHandle$Holder.newInvokeSpecial(java.lang.Object, java.lang.Object, java.lang.Object, int, int, int, int, int)'> (0x00000000a5e54070) 
thrown [t:\workspace\open\src\hotspot\share\interpreter\linkResolver.cpp, line 766]
Event: 0.941 Thread 0x00000247275196a0 Exception <a 'java/io/IOException'{0x00000000a5f02128}: CreateProcess error=1455, The paging file is too small for this operation to complete> (0x00000000a5f02128) 
thrown [t:\workspace\open\src\hotspot\share\prims\jni.cpp, line 535]

VM Operations (12 events):
Event: 0.113 Executing VM operation: HandshakeAllThreads
Event: 0.113 Executing VM operation: HandshakeAllThreads done
Event: 0.191 Executing VM operation: HandshakeAllThreads
Event: 0.191 Executing VM operation: HandshakeAllThreads done
Event: 0.388 Executing VM operation: HandshakeAllThreads
Event: 0.388 Executing VM operation: HandshakeAllThreads done
Event: 0.408 Executing VM operation: HandshakeAllThreads
Event: 0.408 Executing VM operation: HandshakeAllThreads done
Event: 0.538 Executing VM operation: HandshakeAllThreads
Event: 0.538 Executing VM operation: HandshakeAllThreads done
Event: 0.707 Executing VM operation: HandshakeAllThreads
Event: 0.707 Executing VM operation: HandshakeAllThreads done

Events (20 events):
Event: 0.974 loading class javax/swing/text/JTextComponent$KeymapActionMap
Event: 0.974 loading class javax/swing/text/JTextComponent$KeymapActionMap done
Event: 0.975 loading class javax/swing/plaf/basic/BasicTextUI$FocusAction
Event: 0.976 loading class javax/swing/plaf/basic/BasicTextUI$FocusAction done
Event: 0.976 loading class javax/swing/plaf/basic/BasicTextUI$TextActionWrapper
Event: 0.976 loading class javax/swing/plaf/basic/BasicTextUI$TextActionWrapper done
Event: 0.976 loading class javax/swing/DefaultBoundedRangeModel
Event: 0.976 loading class javax/swing/BoundedRangeModel
Event: 0.977 loading class javax/swing/BoundedRangeModel done
Event: 0.977 loading class javax/swing/DefaultBoundedRangeModel done
Event: 0.977 loading class javax/swing/JTextField$ScrollRepainter
Event: 0.977 loading class javax/swing/JTextField$ScrollRepainter done
Event: 0.985 loading class javax/swing/plaf/synth/SynthPasswordFieldUI
Event: 0.985 loading class javax/swing/plaf/synth/SynthPasswordFieldUI done
Event: 0.986 loading class javax/swing/plaf/nimbus/PasswordFieldPainter
Event: 0.987 loading class javax/swing/plaf/nimbus/PasswordFieldPainter done
Event: 0.988 loading class javax/swing/text/PasswordView
Event: 0.988 loading class javax/swing/text/PasswordView done
Event: 0.991 loading class javax/swing/plaf/synth/SynthLabelUI
Event: 0.992 loading class javax/swing/plaf/basic/BasicLabelUI


Dynamic libraries:
0x00007ff7e6490000 - 0x00007ff7e64a0000 	C:\Program Files\Java\jdk-17.0.2\bin\java.exe
0x00007ffdc5b10000 - 0x00007ffdc5d05000 	C:\WINDOWS\SYSTEM32\ntdll.dll
0x00007ffdc4d70000 - 0x00007ffdc4e2e000 	C:\WINDOWS\System32\KERNEL32.DLL
0x00007ffdc32f0000 - 0x00007ffdc35b9000 	C:\WINDOWS\System32\KERNELBASE.dll
0x00007ffdc38a0000 - 0x00007ffdc39a0000 	C:\WINDOWS\System32\ucrtbase.dll
0x00007ffdbe1a0000 - 0x00007ffdbe1ba000 	C:\Program Files\Java\jdk-17.0.2\bin\VCRUNTIME140.dll
0x00007ffdbe1f0000 - 0x00007ffdbe208000 	C:\Program Files\Java\jdk-17.0.2\bin\jli.dll
0x00007ffdc4340000 - 0x00007ffdc43ec000 	C:\WINDOWS\System32\ADVAPI32.dll
0x00007ffdc42a0000 - 0x00007ffdc433e000 	C:\WINDOWS\System32\msvcrt.dll
0x00007ffdc3dc0000 - 0x00007ffdc3e5b000 	C:\WINDOWS\System32\sechost.dll
0x00007ffdc4f10000 - 0x00007ffdc503a000 	C:\WINDOWS\System32\RPCRT4.dll
0x00007ffdc5110000 - 0x00007ffdc52b1000 	C:\WINDOWS\System32\USER32.dll
0x00007ffdb13a0000 - 0x00007ffdb163a000 	C:\WINDOWS\WinSxS\amd64_microsoft.windows.common-controls_6595b64144ccf1df_6.0.19041.1110_none_60b5254171f9507e\COMCTL32.dll
0x00007ffdc3660000 - 0x00007ffdc3682000 	C:\WINDOWS\System32\win32u.dll
0x00007ffdc53e0000 - 0x00007ffdc540b000 	C:\WINDOWS\System32\GDI32.dll
0x00007ffdc39a0000 - 0x00007ffdc3aab000 	C:\WINDOWS\System32\gdi32full.dll
0x00007ffdc35c0000 - 0x00007ffdc365d000 	C:\WINDOWS\System32\msvcp_win.dll
0x00007ffdbb470000 - 0x00007ffdbb47a000 	C:\WINDOWS\SYSTEM32\VERSION.dll
0x00007ffdc5470000 - 0x00007ffdc54a0000 	C:\WINDOWS\System32\IMM32.DLL
0x00007ffdbe270000 - 0x00007ffdbe27c000 	C:\Program Files\Java\jdk-17.0.2\bin\vcruntime140_1.dll
0x00007ffdb2c60000 - 0x00007ffdb2ced000 	C:\Program Files\Java\jdk-17.0.2\bin\msvcp140.dll
0x00007ffd859f0000 - 0x00007ffd865b1000 	C:\Program Files\Java\jdk-17.0.2\bin\server\jvm.dll
0x00007ffdc54a0000 - 0x00007ffdc54a8000 	C:\WINDOWS\System32\PSAPI.DLL
0x00007ffdb9d10000 - 0x00007ffdb9d37000 	C:\WINDOWS\SYSTEM32\WINMM.dll
0x00007ffdaed30000 - 0x00007ffdaed39000 	C:\WINDOWS\SYSTEM32\WSOCK32.dll
0x00007ffdc5040000 - 0x00007ffdc50ab000 	C:\WINDOWS\System32\WS2_32.dll
0x00007ffdc10f0000 - 0x00007ffdc1102000 	C:\WINDOWS\SYSTEM32\kernel.appcore.dll
0x00007ffdbec30000 - 0x00007ffdbec3a000 	C:\Program Files\Java\jdk-17.0.2\bin\jimage.dll
0x00007ffdb6cb0000 - 0x00007ffdb6e94000 	C:\WINDOWS\SYSTEM32\DBGHELP.DLL
0x00007ffdb6b80000 - 0x00007ffdb6bac000 	C:\WINDOWS\SYSTEM32\dbgcore.DLL
0x00007ffdc3260000 - 0x00007ffdc32e3000 	C:\WINDOWS\System32\bcryptPrimitives.dll
0x00007ffdbec20000 - 0x00007ffdbec2e000 	C:\Program Files\Java\jdk-17.0.2\bin\instrument.dll
0x00007ffdbd760000 - 0x00007ffdbd785000 	C:\Program Files\Java\jdk-17.0.2\bin\java.dll
0x00007ffd8dd60000 - 0x00007ffd8de36000 	C:\Program Files\Java\jdk-17.0.2\bin\jsvml.dll
0x00007ffdc45a0000 - 0x00007ffdc4cdf000 	C:\WINDOWS\System32\SHELL32.dll
0x00007ffdc12f0000 - 0x00007ffdc1a80000 	C:\WINDOWS\SYSTEM32\windows.storage.dll
0x00007ffdc3e60000 - 0x00007ffdc41b5000 	C:\WINDOWS\System32\combase.dll
0x00007ffdc2c80000 - 0x00007ffdc2cac000 	C:\WINDOWS\SYSTEM32\Wldp.dll
0x00007ffdc4e30000 - 0x00007ffdc4edd000 	C:\WINDOWS\System32\SHCORE.dll
0x00007ffdc3c30000 - 0x00007ffdc3c85000 	C:\WINDOWS\System32\shlwapi.dll
0x00007ffdc3170000 - 0x00007ffdc318f000 	C:\WINDOWS\SYSTEM32\profapi.dll
0x00007ffdb4080000 - 0x00007ffdb4099000 	C:\Program Files\Java\jdk-17.0.2\bin\net.dll
0x00007ffdb4180000 - 0x00007ffdb4288000 	C:\WINDOWS\SYSTEM32\WINHTTP.dll
0x00007ffdc2990000 - 0x00007ffdc29fa000 	C:\WINDOWS\system32\mswsock.dll
0x00007ffdb2b00000 - 0x00007ffdb2b16000 	C:\Program Files\Java\jdk-17.0.2\bin\nio.dll
0x00007ffdb4b30000 - 0x00007ffdb4b48000 	C:\Program Files\Java\jdk-17.0.2\bin\zip.dll
0x00007ffdbe240000 - 0x00007ffdbe250000 	C:\Program Files\Java\jdk-17.0.2\bin\verify.dll
0x00007ffd854b0000 - 0x00007ffd8563f000 	C:\Program Files\Java\jdk-17.0.2\bin\awt.dll
0x00007ffdc3b60000 - 0x00007ffdc3c2d000 	C:\WINDOWS\System32\OLEAUT32.dll
0x00007ffdc0a30000 - 0x00007ffdc0ac0000 	C:\WINDOWS\SYSTEM32\apphelp.dll
0x00007ffdc0c10000 - 0x00007ffdc0cae000 	C:\WINDOWS\system32\uxtheme.dll
0x00007ffdc52c0000 - 0x00007ffdc53d5000 	C:\WINDOWS\System32\MSCTF.dll
0x00007ffdc3c90000 - 0x00007ffdc3dba000 	C:\WINDOWS\System32\ole32.dll
0x00007ffdbd740000 - 0x00007ffdbd74e000 	C:\Program Files\Java\jdk-17.0.2\bin\sunmscapi.dll
0x00007ffdc3740000 - 0x00007ffdc3896000 	C:\WINDOWS\System32\CRYPT32.dll
0x00007ffdc2cf0000 - 0x00007ffdc2d17000 	C:\WINDOWS\SYSTEM32\ncrypt.dll
0x00007ffdc2cb0000 - 0x00007ffdc2ceb000 	C:\WINDOWS\SYSTEM32\NTASN1.dll
0x00007ffd917d0000 - 0x00007ffd917d7000 	C:\WINDOWS\system32\wshunix.dll
0x00007ffdc2b80000 - 0x00007ffdc2b98000 	C:\WINDOWS\SYSTEM32\CRYPTSP.dll
0x00007ffdc0e00000 - 0x00007ffdc0e2f000 	C:\WINDOWS\system32\DWMAPI.DLL
0x00007ffdc22b0000 - 0x00007ffdc22e4000 	C:\WINDOWS\system32\rsaenh.dll
0x00007ffdc3230000 - 0x00007ffdc3257000 	C:\WINDOWS\System32\bcrypt.dll
0x00007ffdc3130000 - 0x00007ffdc315e000 	C:\WINDOWS\SYSTEM32\USERENV.dll
0x00007ffdc2b70000 - 0x00007ffdc2b7c000 	C:\WINDOWS\SYSTEM32\CRYPTBASE.dll
0x00007ffdc2650000 - 0x00007ffdc268b000 	C:\WINDOWS\SYSTEM32\IPHLPAPI.DLL
0x00007ffdc54b0000 - 0x00007ffdc54b8000 	C:\WINDOWS\System32\NSI.dll
0x00007ffdba480000 - 0x00007ffdba497000 	C:\WINDOWS\SYSTEM32\dhcpcsvc6.DLL
0x00007ffd86830000 - 0x00007ffd868b9000 	C:\Program Files\Java\jdk-17.0.2\bin\freetype.dll
0x00007ffdbb510000 - 0x00007ffdbb52d000 	C:\WINDOWS\SYSTEM32\dhcpcsvc.DLL
0x00007ffd85400000 - 0x00007ffd854a8000 	C:\Program Files\Java\jdk-17.0.2\bin\fontmanager.dll
0x00007ffdc2690000 - 0x00007ffdc275c000 	C:\WINDOWS\SYSTEM32\DNSAPI.dll
0x00007ffdafb70000 - 0x00007ffdafb7a000 	C:\Windows\System32\rasadhlp.dll
0x00007ffdb5840000 - 0x00007ffdb58bf000 	C:\WINDOWS\System32\fwpuclnt.dll
0x00007ffd6a840000 - 0x00007ffd6a965000 	C:\WINDOWS\system32\opengl32.dll
0x00007ffd70b00000 - 0x00007ffd70b2c000 	C:\WINDOWS\SYSTEM32\GLU32.dll
0x00007ffdbc5e0000 - 0x00007ffdbc7ae000 	C:\WINDOWS\system32\d3d9.dll
0x00007ffdb9d40000 - 0x00007ffdb9f1b000 	C:\WINDOWS\System32\DriverStore\FileRepository\u0357645.inf_amd64_3c66802dbd4d45a0\B357435\aticfx64.dll
0x00007ffd70ac0000 - 0x00007ffd70af3000 	C:\WINDOWS\System32\DriverStore\FileRepository\u0357645.inf_amd64_3c66802dbd4d45a0\B357435\atiu9p64.dll
0x00007ffd55d20000 - 0x00007ffd569b6000 	C:\WINDOWS\System32\DriverStore\FileRepository\u0357645.inf_amd64_3c66802dbd4d45a0\B357435\atiumd64.dll
0x0000000070f80000 - 0x0000000071dfd000 	C:\WINDOWS\System32\DriverStore\FileRepository\u0357645.inf_amd64_3c66802dbd4d45a0\B357435\atiumd6a.dll
0x00007ffdc27c0000 - 0x00007ffdc280b000 	C:\WINDOWS\SYSTEM32\POWRPROF.dll
0x00007ffdc2630000 - 0x00007ffdc2642000 	C:\WINDOWS\SYSTEM32\UMPDC.dll
0x00007ffdb8060000 - 0x00007ffdb808f000 	C:\WINDOWS\SYSTEM32\amdihk64.dll
0x00007ffdba440000 - 0x00007ffdba47b000 	C:\WINDOWS\SYSTEM32\dxcore.dll
0x00007ffdc36f0000 - 0x00007ffdc373e000 	C:\WINDOWS\System32\cfgmgr32.dll
0x00007ffdb6480000 - 0x00007ffdb6489000 	C:\Program Files\Java\jdk-17.0.2\bin\management.dll
0x00007ffdb4a80000 - 0x00007ffdb4a8b000 	C:\Program Files\Java\jdk-17.0.2\bin\management_ext.dll
0x00007ffd9f360000 - 0x00007ffd9f377000 	C:\WINDOWS\system32\napinsp.dll
0x00007ffd9f340000 - 0x00007ffd9f35b000 	C:\WINDOWS\system32\pnrpnsp.dll
0x00007ffd9f210000 - 0x00007ffd9f225000 	C:\WINDOWS\system32\wshbth.dll
0x00007ffdbebe0000 - 0x00007ffdbebfd000 	C:\WINDOWS\system32\NLAapi.dll
0x00007ffd9f120000 - 0x00007ffd9f132000 	C:\WINDOWS\System32\winrnr.dll
0x00007ffdb1060000 - 0x00007ffdb108d000 	C:\Program Files\Java\jdk-17.0.2\bin\javajpeg.dll

dbghelp: loaded successfully - version: 4.0.5 - missing functions: none
symbol engine: initialized successfully - sym options: 0x614 - pdb path: .;C:\Program Files\Java\jdk-17.0.2\bin;C:\WINDOWS\SYSTEM32;C:\WINDOWS\WinSxS\amd64_microsoft.windows.common-controls_6595b64144ccf1df_6.0.19041.1110_none_60b5254171f9507e;C:\Program Files\Java\jdk-17.0.2\bin\server;C:\WINDOWS\System32\DriverStore\FileRepository\u0357645.inf_amd64_3c66802dbd4d45a0\B357435

VM Arguments:
jvm_args: -javaagent:C:\Program Files\LogiGear\TestArchitect\binclient\agents\java\lib\ext\TAJavaLoader.jar -Dfile.encoding=UTF-8 --module-path=D:\hk1 nãm 3\java technology\midterm assignment\SwingMSystem\build\classes 
java_command: main.Login
java_class_path (initial): C:\Program Files\NetBeans-19\netbeans\java\modules\ext\AbsoluteLayout.jar;D:\hk1 nãm 3\java technology\midterm assignment\SwingMSystem\miglayout-4.0.jar;D:\hk1 nãm 3\java technology\midterm assignment\SwingMSystem\timingframework-1.0.jar;D:\hk1 nãm 3\java technology\midterm assignment\SwingMSystem\mysql-connector-java-8.0.28.jar;D:\hk1 nãm 3\java technology\midterm assignment\SwingMSystem\commons-lang3-3.13.0.jar;D:\hk1 nãm 3\java technology\midterm assignment\SwingMSystem\excel import\commons-codec-1.16.0.jar;D:\hk1 nãm 3\java technology\midterm assignment\SwingMSystem\excel import\commons-collections4-4.4.jar;D:\hk1 nãm 3\java technology\midterm assignment\SwingMSystem\excel import\commons-compress-1.24.0.jar;D:\hk1 nãm 3\java technology\midterm assignment\SwingMSystem\excel import\commons-io-2.13.0.jar;D:\hk1 nãm 3\java technology\midterm assignment\SwingMSystem\excel import\commons-math3-3.6.1.jar;D:\hk1 nãm 3\java technology\midterm assignment\SwingMSystem\excel import\curvesapi-1.08.jar;D:\hk1 nãm 3\java technology\midterm assignment\SwingMSystem\excel import\SparseBitSet-1.3.jar;D:\hk1 nãm 3\java technology\midterm assignment\SwingMSystem\excel import\log4j-api-2.20.0.jar;D:\hk1 nãm 3\java technology\midterm assignment\SwingMSystem\excel import\poi-5.2.4.jar;D:\hk1 nãm 3\java technology\midterm assignment\SwingMSystem\excel import\poi-ooxml-5.2.4.jar;D:\hk1 nãm 3\java technology\midterm assignment\SwingMSystem\excel import\poi-ooxml-lite-5.2.4.jar;D:\hk1 nãm 3\java technology\midterm assignment\SwingMSystem\excel import\xmlbeans-5.1.1.jar;D:\hk1 nãm 3\java technology\midterm assignment\SwingMSystem\jcalendar-1.4.jar;D:\hk1 nãm 3\java technology\midterm assignment\SwingMSystem\flatlaf-3.2.5 (1).jar;D:\hk1 nãm 3\java technology\midterm assignment\SwingMSystem\build\classes
Launcher Type: SUN_STANDARD

[Global flags]
     intx CICompilerCount                          = 4                                         {product} {ergonomic}
     uint ConcGCThreads                            = 2                                         {product} {ergonomic}
     uint G1ConcRefinementThreads                  = 8                                         {product} {ergonomic}
   size_t G1HeapRegionSize                         = 1048576                                   {product} {ergonomic}
    uintx GCDrainStackTargetSize                   = 64                                        {product} {ergonomic}
   size_t InitialHeapSize                          = 100663296                                 {product} {ergonomic}
   size_t MarkStackSize                            = 4194304                                   {product} {ergonomic}
   size_t MaxHeapSize                              = 1595932672                                {product} {ergonomic}
   size_t MaxNewSize                               = 957349888                                 {product} {ergonomic}
   size_t MinHeapDeltaBytes                        = 1048576                                   {product} {ergonomic}
   size_t MinHeapSize                              = 8388608                                   {product} {ergonomic}
    uintx NonNMethodCodeHeapSize                   = 5839372                                {pd product} {ergonomic}
    uintx NonProfiledCodeHeapSize                  = 122909434                              {pd product} {ergonomic}
    uintx ProfiledCodeHeapSize                     = 122909434                              {pd product} {ergonomic}
    uintx ReservedCodeCacheSize                    = 251658240                              {pd product} {ergonomic}
     bool SegmentedCodeCache                       = true                                      {product} {ergonomic}
   size_t SoftMaxHeapSize                          = 1595932672                             {manageable} {ergonomic}
     bool UseCompressedClassPointers               = true                           {product lp64_product} {ergonomic}
     bool UseCompressedOops                        = true                           {product lp64_product} {ergonomic}
     bool UseG1GC                                  = true                                      {product} {ergonomic}
     bool UseLargePagesIndividualAllocation        = false                                  {pd product} {ergonomic}

Logging:
Log output configuration:
 #0: stdout all=warning uptime,level,tags
 #1: stderr all=off uptime,level,tags

Environment Variables:
JAVA_HOME=C:\Program Files\Java\jdk-11.0.13
JAVA_TOOL_OPTIONS=-javaagent:"C:\Program Files\LogiGear\TestArchitect\binclient\agents\java\lib\ext\TAJavaLoader.jar"
PATH=C:\Program Files\Microsoft\jdk-11.0.16.101-hotspot\bin;C:\Program Files\Java\jdk-11.0.13\bin;C:\Program Files (x86)\Common Files\Oracle\Java\javapath;C:\Program Files\Python310\Scripts\;C:\Program Files\Common Files\Oracle\Java\javapath;C:\Program Files\Python310\;C:\Windows\system32;C:\Windows;C:\Windows\System32\Wbem;C:\Windows\System32\WindowsPowerShell\v1.0\;C:\Windows\System32\OpenSSH\;C:\Program Files (x86)\NVIDIA Corporation\PhysX\Common;C:\Program Files\NVIDIA Corporation\NVIDIA NvDLISR;C:\MinGW\bin;C:\WINDOWS\system32;C:\WINDOWS;C:\WINDOWS\System32\Wbem;C:\WINDOWS\System32\WindowsPowerShell\v1.0\;C:\WINDOWS\System32\OpenSSH\;C:\Program Files\Git\cmd;C:\Program Files\nodejs\;C:\Program Files\Microsoft SQL Server\Client SDK\ODBC\170\Tools\Binn\;C:\Program Files (x86)\Microsoft SQL Server\150\Tools\Binn\;C:\Program Files\Microsoft SQL Server\150\Tools\Binn\;C:\Program Files\Microsoft SQL Server\150\DTS\Binn\;C:\Program Files (x86)\Microsoft SQL Server\150\DTS\Binn\;C:\Program Files\Amazon\AWSCLI\bin\;C:\Program Files\Go\bin;C:\Program Files\Amazon\SessionManagerPlugin\bin\;C:\Program Files\apache-maven-3.9.4\bin;C:\Program Files\dotnet\;C:\Program Files\LogiGear\LicenseServer\binclient;C:\Program Files\LogiGear\TestArchitect\binclient;C:\Users\konod\.cargo\bin;C:\Users\konod\AppData\Local\Programs\Python\Python310\Scripts\;C:\Users\konod\AppData\Local\Programs\Python\Python310\;C:\Users\konod\AppData\Local\Microsoft\WindowsApps;C:\Users\konod\AppData\Local\Programs\Microsoft VS Code\bin;C:\MinGW\bin;C:\cygwin64\bin;C:\Users\konod\AppData\Local\Programs\Python\Python39;C:\Program Files\Java\jdk-11.0.13\bin;C:\Users\konod\AppData\Roaming\npm;C:\Program Files\Azure Data Studio\bin;C:\Users\konod\AppData\Local\GitHubDesktop\bin;C:\Users\konod\go\bin;C:\Program Files\JetBrains\IntelliJ IDEA 2023.2.2\bin;;C:\Users\konod\.dotnet\tools;C:\Program Files\LogiGear\LicenseServer\binclient;C:\Program Files\LogiGear\TestArchitect\binclient
USERNAME=konod
OS=Windows_NT
PROCESSOR_IDENTIFIER=AMD64 Family 23 Model 24 Stepping 1, AuthenticAMD



---------------  S Y S T E M  ---------------

OS:
 Windows 10 , 64 bit Build 19041 (10.0.19041.1202)
OS uptime: 1 days 16:29 hours
Hyper-V role detected

CPU: total 8 (initial active 8) (8 cores per cpu, 2 threads per core) family 23 model 24 stepping 1 microcode 0x0, cx8, cmov, fxsr, ht, mmx, 3dnowpref, sse, sse2, sse3, ssse3, sse4a, sse4.1, sse4.2, popcnt, lzcnt, tsc, tscinvbit, avx, avx2, aes, clmul, bmi1, bmi2, adx, sha, fma, vzeroupper, clflush, clflushopt, hv

Memory: 4k page, system-wide physical 6081M (284M free)
TotalPageFile size 24513M (AvailPageFile size 5M)
current process WorkingSet (physical memory assigned to process): 91M, peak: 91M
current process commit charge ("private bytes"): 212M, peak: 213M

vm_info: Java HotSpot(TM) 64-Bit Server VM (17.0.2+8-LTS-86) for windows-amd64 JRE (17.0.2+8-LTS-86), built on Dec  7 2021 21:51:03 by "mach5one" with MS VC++ 16.8 / 16.9 (VS2019)

END.
